<<<<<<< HEAD
Analysis & Synthesis report for log_bsru
Tue Jan 30 23:41:53 2018
Quartus Prime Version 17.1.0 Build 590 10/25/2017 SJ Lite Edition


---------------------
; Table of Contents ;
---------------------
  1. Legal Notice
  2. Analysis & Synthesis Summary
  3. Analysis & Synthesis Settings
  4. Parallel Compilation
  5. Analysis & Synthesis Source Files Read
  6. Analysis & Synthesis Resource Usage Summary
  7. Analysis & Synthesis Resource Utilization by Entity
  8. General Register Statistics
  9. Multiplexer Restructuring Statistics (Restructuring Performed)
 10. Parameter Settings for User Entity Instance: Top-level Entity: |log_bsru
 11. Parameter Settings for User Entity Instance: bru:first_reverse
 12. Parameter Settings for User Entity Instance: right_fsru:\intermediate:0:shift_rot
 13. Parameter Settings for User Entity Instance: right_fsru:\intermediate:0:shift_rot|mux_2to1:toplevel_mux
 14. Parameter Settings for User Entity Instance: right_fsru:\intermediate:1:shift_rot
 15. Parameter Settings for User Entity Instance: right_fsru:\intermediate:1:shift_rot|mux_2to1:toplevel_mux
 16. Parameter Settings for User Entity Instance: right_fsru:\intermediate:2:shift_rot
 17. Parameter Settings for User Entity Instance: right_fsru:\intermediate:2:shift_rot|mux_2to1:toplevel_mux
 18. Parameter Settings for User Entity Instance: right_fsru:\intermediate:3:shift_rot
 19. Parameter Settings for User Entity Instance: right_fsru:\intermediate:3:shift_rot|mux_2to1:toplevel_mux
 20. Parameter Settings for User Entity Instance: bru:second_reverse
 21. Post-Synthesis Netlist Statistics for Top Partition
 22. Elapsed Time Per Partition
 23. Analysis & Synthesis Messages



----------------
; Legal Notice ;
----------------
Copyright (C) 2017  Intel Corporation. All rights reserved.
Your use of Intel Corporation's design tools, logic functions 
and other software and tools, and its AMPP partner logic 
functions, and any output files from any of the foregoing 
(including device programming or simulation files), and any 
associated documentation or information are expressly subject 
to the terms and conditions of the Intel Program License 
Subscription Agreement, the Intel Quartus Prime License Agreement,
the Intel FPGA IP License Agreement, or other applicable license
agreement, including, without limitation, that your use is for
the sole purpose of programming logic devices manufactured by
Intel and sold by Intel or its authorized distributors.  Please
refer to the applicable agreement for further details.



+-------------------------------------------------------------------------------+
; Analysis & Synthesis Summary                                                  ;
+---------------------------------+---------------------------------------------+
; Analysis & Synthesis Status     ; Successful - Tue Jan 30 23:41:53 2018       ;
; Quartus Prime Version           ; 17.1.0 Build 590 10/25/2017 SJ Lite Edition ;
; Revision Name                   ; log_bsru                                    ;
; Top-level Entity Name           ; log_bsru                                    ;
; Family                          ; Cyclone V                                   ;
; Logic utilization (in ALMs)     ; N/A                                         ;
; Total registers                 ; 0                                           ;
; Total pins                      ; 39                                          ;
; Total virtual pins              ; 0                                           ;
; Total block memory bits         ; 0                                           ;
; Total DSP Blocks                ; 0                                           ;
; Total HSSI RX PCSs              ; 0                                           ;
; Total HSSI PMA RX Deserializers ; 0                                           ;
; Total HSSI TX PCSs              ; 0                                           ;
; Total HSSI PMA TX Serializers   ; 0                                           ;
; Total PLLs                      ; 0                                           ;
; Total DLLs                      ; 0                                           ;
+---------------------------------+---------------------------------------------+


+---------------------------------------------------------------------------------------------------------------------------+
; Analysis & Synthesis Settings                                                                                             ;
+---------------------------------------------------------------------------------+--------------------+--------------------+
; Option                                                                          ; Setting            ; Default Value      ;
+---------------------------------------------------------------------------------+--------------------+--------------------+
; Device                                                                          ; 5CGXFC7C6U19C6     ;                    ;
; Top-level entity name                                                           ; log_bsru           ; log_bsru           ;
; Family name                                                                     ; Cyclone V          ; Cyclone V          ;
; Use smart compilation                                                           ; Off                ; Off                ;
; Enable parallel Assembler and TimeQuest Timing Analyzer during compilation      ; On                 ; On                 ;
; Enable compact report table                                                     ; Off                ; Off                ;
; Restructure Multiplexers                                                        ; Auto               ; Auto               ;
; MLAB Add Timing Constraints For Mixed-Port Feed-Through Mode Setting Don't Care ; Off                ; Off                ;
; Create Debugging Nodes for IP Cores                                             ; Off                ; Off                ;
; Preserve fewer node names                                                       ; On                 ; On                 ;
; Intel FPGA IP Evaluation Mode                                                   ; Enable             ; Enable             ;
; Verilog Version                                                                 ; Verilog_2001       ; Verilog_2001       ;
; VHDL Version                                                                    ; VHDL_1993          ; VHDL_1993          ;
; State Machine Processing                                                        ; Auto               ; Auto               ;
; Safe State Machine                                                              ; Off                ; Off                ;
; Extract Verilog State Machines                                                  ; On                 ; On                 ;
; Extract VHDL State Machines                                                     ; On                 ; On                 ;
; Ignore Verilog initial constructs                                               ; Off                ; Off                ;
; Iteration limit for constant Verilog loops                                      ; 5000               ; 5000               ;
; Iteration limit for non-constant Verilog loops                                  ; 250                ; 250                ;
; Add Pass-Through Logic to Inferred RAMs                                         ; On                 ; On                 ;
; Infer RAMs from Raw Logic                                                       ; On                 ; On                 ;
; Parallel Synthesis                                                              ; On                 ; On                 ;
; DSP Block Balancing                                                             ; Auto               ; Auto               ;
; NOT Gate Push-Back                                                              ; On                 ; On                 ;
; Power-Up Don't Care                                                             ; On                 ; On                 ;
; Remove Redundant Logic Cells                                                    ; Off                ; Off                ;
; Remove Duplicate Registers                                                      ; On                 ; On                 ;
; Ignore CARRY Buffers                                                            ; Off                ; Off                ;
; Ignore CASCADE Buffers                                                          ; Off                ; Off                ;
; Ignore GLOBAL Buffers                                                           ; Off                ; Off                ;
; Ignore ROW GLOBAL Buffers                                                       ; Off                ; Off                ;
; Ignore LCELL Buffers                                                            ; Off                ; Off                ;
; Ignore SOFT Buffers                                                             ; On                 ; On                 ;
; Limit AHDL Integers to 32 Bits                                                  ; Off                ; Off                ;
; Optimization Technique                                                          ; Balanced           ; Balanced           ;
; Carry Chain Length                                                              ; 70                 ; 70                 ;
; Auto Carry Chains                                                               ; On                 ; On                 ;
; Auto Open-Drain Pins                                                            ; On                 ; On                 ;
; Perform WYSIWYG Primitive Resynthesis                                           ; Off                ; Off                ;
; Auto ROM Replacement                                                            ; On                 ; On                 ;
; Auto RAM Replacement                                                            ; On                 ; On                 ;
; Auto DSP Block Replacement                                                      ; On                 ; On                 ;
; Auto Shift Register Replacement                                                 ; Auto               ; Auto               ;
; Allow Shift Register Merging across Hierarchies                                 ; Auto               ; Auto               ;
; Auto Clock Enable Replacement                                                   ; On                 ; On                 ;
; Strict RAM Replacement                                                          ; Off                ; Off                ;
; Allow Synchronous Control Signals                                               ; On                 ; On                 ;
; Force Use of Synchronous Clear Signals                                          ; Off                ; Off                ;
; Auto Resource Sharing                                                           ; Off                ; Off                ;
; Allow Any RAM Size For Recognition                                              ; Off                ; Off                ;
; Allow Any ROM Size For Recognition                                              ; Off                ; Off                ;
; Allow Any Shift Register Size For Recognition                                   ; Off                ; Off                ;
; Use LogicLock Constraints during Resource Balancing                             ; On                 ; On                 ;
; Ignore translate_off and synthesis_off directives                               ; Off                ; Off                ;
; Timing-Driven Synthesis                                                         ; On                 ; On                 ;
; Report Parameter Settings                                                       ; On                 ; On                 ;
; Report Source Assignments                                                       ; On                 ; On                 ;
; Report Connectivity Checks                                                      ; On                 ; On                 ;
; Ignore Maximum Fan-Out Assignments                                              ; Off                ; Off                ;
; Synchronization Register Chain Length                                           ; 3                  ; 3                  ;
; Power Optimization During Synthesis                                             ; Normal compilation ; Normal compilation ;
; HDL message level                                                               ; Level2             ; Level2             ;
; Suppress Register Optimization Related Messages                                 ; Off                ; Off                ;
; Number of Removed Registers Reported in Synthesis Report                        ; 5000               ; 5000               ;
; Number of Swept Nodes Reported in Synthesis Report                              ; 5000               ; 5000               ;
; Number of Inverted Registers Reported in Synthesis Report                       ; 100                ; 100                ;
; Clock MUX Protection                                                            ; On                 ; On                 ;
; Auto Gated Clock Conversion                                                     ; Off                ; Off                ;
; Block Design Naming                                                             ; Auto               ; Auto               ;
; SDC constraint protection                                                       ; Off                ; Off                ;
; Synthesis Effort                                                                ; Auto               ; Auto               ;
; Shift Register Replacement - Allow Asynchronous Clear Signal                    ; On                 ; On                 ;
; Pre-Mapping Resynthesis Optimization                                            ; Off                ; Off                ;
; Analysis & Synthesis Message Level                                              ; Medium             ; Medium             ;
; Disable Register Merging Across Hierarchies                                     ; Auto               ; Auto               ;
; Resource Aware Inference For Block RAM                                          ; On                 ; On                 ;
; Automatic Parallel Synthesis                                                    ; On                 ; On                 ;
; Partial Reconfiguration Bitstream ID                                            ; Off                ; Off                ;
+---------------------------------------------------------------------------------+--------------------+--------------------+


+------------------------------------------+
; Parallel Compilation                     ;
+----------------------------+-------------+
; Processors                 ; Number      ;
+----------------------------+-------------+
; Number detected on machine ; 4           ;
; Maximum allowed            ; 2           ;
;                            ;             ;
; Average used               ; 1.00        ;
; Maximum used               ; 1           ;
;                            ;             ;
; Usage by Processor         ; % Time Used ;
;     Processor 1            ; 100.0%      ;
+----------------------------+-------------+


+------------------------------------------------------------------------------------------------------------------------------------------------------------------------------+
; Analysis & Synthesis Source Files Read                                                                                                                                       ;
+----------------------------------+-----------------+-----------------------+---------------------------------------------------------------------------------------+---------+
; File Name with User-Entered Path ; Used in Netlist ; File Type             ; File Name with Absolute Path                                                          ; Library ;
+----------------------------------+-----------------+-----------------------+---------------------------------------------------------------------------------------+---------+
; ../task 2/bru.vhd                ; yes             ; User VHDL File        ; C:/Users/xaviernara/Desktop/ECE-371-master/ECE-371-master/Lab 3/task 2/bru.vhd        ;         ;
; ../task 3/right_fsru.vhd         ; yes             ; User VHDL File        ; C:/Users/xaviernara/Desktop/ECE-371-master/ECE-371-master/Lab 3/task 3/right_fsru.vhd ;         ;
; mux_2to1.vhd                     ; yes             ; User VHDL File        ; C:/Users/xaviernara/Desktop/ECE-371-master/ECE-371-master/Lab 3/task 4/mux_2to1.vhd   ;         ;
; log_bsru.vhd                     ; yes             ; Auto-Found VHDL File  ; C:/Users/xaviernara/Desktop/ECE-371-master/ECE-371-master/Lab 3/task 4/log_bsru.vhd   ;         ;
+----------------------------------+-----------------+-----------------------+---------------------------------------------------------------------------------------+---------+


+-----------------------------------------------------------+
; Analysis & Synthesis Resource Usage Summary               ;
+---------------------------------------------+-------------+
; Resource                                    ; Usage       ;
+---------------------------------------------+-------------+
; Estimate of Logic utilization (ALMs needed) ; 54          ;
;                                             ;             ;
; Combinational ALUT usage for logic          ; 64          ;
;     -- 7 input functions                    ; 0           ;
;     -- 6 input functions                    ; 44          ;
;     -- 5 input functions                    ; 6           ;
;     -- 4 input functions                    ; 3           ;
;     -- <=3 input functions                  ; 11          ;
;                                             ;             ;
; Dedicated logic registers                   ; 0           ;
;                                             ;             ;
; I/O pins                                    ; 39          ;
;                                             ;             ;
; Total DSP Blocks                            ; 0           ;
;                                             ;             ;
; Maximum fan-out node                        ; right~input ;
; Maximum fan-out                             ; 33          ;
; Total fan-out                               ; 393         ;
; Average fan-out                             ; 2.77        ;
+---------------------------------------------+-------------+


+--------------------------------------------------------------------------------------------------------------------------------------------------------------------------------------------------------------------------------------------------------+
; Analysis & Synthesis Resource Utilization by Entity                                                                                                                                                                                                    ;
+-------------------------------------------+---------------------+---------------------------+-------------------+------------+------+--------------+----------------------------------------------------------------------+-------------+--------------+
; Compilation Hierarchy Node                ; Combinational ALUTs ; Dedicated Logic Registers ; Block Memory Bits ; DSP Blocks ; Pins ; Virtual Pins ; Full Hierarchy Name                                                  ; Entity Name ; Library Name ;
+-------------------------------------------+---------------------+---------------------------+-------------------+------------+------+--------------+----------------------------------------------------------------------+-------------+--------------+
; |log_bsru                                 ; 64 (0)              ; 0 (0)                     ; 0                 ; 0          ; 39   ; 0            ; |log_bsru                                                            ; log_bsru    ; work         ;
;    |bru:second_reverse|                   ; 16 (16)             ; 0 (0)                     ; 0                 ; 0          ; 0    ; 0            ; |log_bsru|bru:second_reverse                                         ; bru         ; work         ;
;    |right_fsru:\intermediate:0:shift_rot| ; 17 (16)             ; 0 (0)                     ; 0                 ; 0          ; 0    ; 0            ; |log_bsru|right_fsru:\intermediate:0:shift_rot                       ; right_fsru  ; work         ;
;       |mux_2to1:toplevel_mux|             ; 1 (1)               ; 0 (0)                     ; 0                 ; 0          ; 0    ; 0            ; |log_bsru|right_fsru:\intermediate:0:shift_rot|mux_2to1:toplevel_mux ; mux_2to1    ; work         ;
;    |right_fsru:\intermediate:1:shift_rot| ; 2 (0)               ; 0 (0)                     ; 0                 ; 0          ; 0    ; 0            ; |log_bsru|right_fsru:\intermediate:1:shift_rot                       ; right_fsru  ; work         ;
;       |mux_2to1:toplevel_mux|             ; 2 (2)               ; 0 (0)                     ; 0                 ; 0          ; 0    ; 0            ; |log_bsru|right_fsru:\intermediate:1:shift_rot|mux_2to1:toplevel_mux ; mux_2to1    ; work         ;
;    |right_fsru:\intermediate:2:shift_rot| ; 21 (21)             ; 0 (0)                     ; 0                 ; 0          ; 0    ; 0            ; |log_bsru|right_fsru:\intermediate:2:shift_rot                       ; right_fsru  ; work         ;
;    |right_fsru:\intermediate:3:shift_rot| ; 8 (0)               ; 0 (0)                     ; 0                 ; 0          ; 0    ; 0            ; |log_bsru|right_fsru:\intermediate:3:shift_rot                       ; right_fsru  ; work         ;
;       |mux_2to1:toplevel_mux|             ; 8 (8)               ; 0 (0)                     ; 0                 ; 0          ; 0    ; 0            ; |log_bsru|right_fsru:\intermediate:3:shift_rot|mux_2to1:toplevel_mux ; mux_2to1    ; work         ;
+-------------------------------------------+---------------------+---------------------------+-------------------+------------+------+--------------+----------------------------------------------------------------------+-------------+--------------+
Note: For table entries with two numbers listed, the numbers in parentheses indicate the number of resources of the given type used by the specific entity alone. The numbers listed outside of parentheses indicate the total resources of the given type used by the specific entity and all of its sub-entities in the hierarchy.


+------------------------------------------------------+
; General Register Statistics                          ;
+----------------------------------------------+-------+
; Statistic                                    ; Value ;
+----------------------------------------------+-------+
; Total registers                              ; 0     ;
; Number of registers using Synchronous Clear  ; 0     ;
; Number of registers using Synchronous Load   ; 0     ;
; Number of registers using Asynchronous Clear ; 0     ;
; Number of registers using Asynchronous Load  ; 0     ;
; Number of registers using Clock Enable       ; 0     ;
; Number of registers using Preset             ; 0     ;
+----------------------------------------------+-------+


+--------------------------------------------------------------------------------------------------------------------------------------------------------------------+
; Multiplexer Restructuring Statistics (Restructuring Performed)                                                                                                     ;
+--------------------+-----------+---------------+----------------------+------------------------+------------+------------------------------------------------------+
; Multiplexer Inputs ; Bus Width ; Baseline Area ; Area if Restructured ; Saving if Restructured ; Registered ; Example Multiplexer Output                           ;
+--------------------+-----------+---------------+----------------------+------------------------+------------+------------------------------------------------------+
; 4:1                ; 14 bits   ; 28 LEs        ; 28 LEs               ; 0 LEs                  ; No         ; |log_bsru|right_fsru:\intermediate:0:shift_rot|F[13] ;
; 4:1                ; 12 bits   ; 24 LEs        ; 24 LEs               ; 0 LEs                  ; No         ; |log_bsru|right_fsru:\intermediate:2:shift_rot|F[11] ;
; 4:1                ; 16 bits   ; 32 LEs        ; 32 LEs               ; 0 LEs                  ; No         ; |log_bsru|bru:second_reverse|Y[0]                    ;
; 5:1                ; 4 bits    ; 12 LEs        ; 12 LEs               ; 0 LEs                  ; No         ; |log_bsru|right_fsru:\intermediate:2:shift_rot|F[12] ;
+--------------------+-----------+---------------+----------------------+------------------------+------------+------------------------------------------------------+


+--------------------------------------------------------------------------+
; Parameter Settings for User Entity Instance: Top-level Entity: |log_bsru ;
+----------------+-------+-------------------------------------------------+
; Parameter Name ; Value ; Type                                            ;
+----------------+-------+-------------------------------------------------+
; CNT_SIZE       ; 4     ; Signed Integer                                  ;
+----------------+-------+-------------------------------------------------+
Note: In order to hide this table in the UI and the text report file, please set the "Show Parameter Settings in Synthesis Report" option in "Analysis and Synthesis Settings -> More Settings" to "Off".


+----------------------------------------------------------------+
; Parameter Settings for User Entity Instance: bru:first_reverse ;
+----------------+-------+---------------------------------------+
; Parameter Name ; Value ; Type                                  ;
+----------------+-------+---------------------------------------+
; size           ; 16    ; Signed Integer                        ;
+----------------+-------+---------------------------------------+
Note: In order to hide this table in the UI and the text report file, please set the "Show Parameter Settings in Synthesis Report" option in "Analysis and Synthesis Settings -> More Settings" to "Off".


+-----------------------------------------------------------------------------------+
; Parameter Settings for User Entity Instance: right_fsru:\intermediate:0:shift_rot ;
+----------------+-------+----------------------------------------------------------+
; Parameter Name ; Value ; Type                                                     ;
+----------------+-------+----------------------------------------------------------+
; size           ; 16    ; Signed Integer                                           ;
; cnt_val        ; 1     ; Signed Integer                                           ;
+----------------+-------+----------------------------------------------------------+
Note: In order to hide this table in the UI and the text report file, please set the "Show Parameter Settings in Synthesis Report" option in "Analysis and Synthesis Settings -> More Settings" to "Off".


+---------------------------------------------------------------------------------------------------------+
; Parameter Settings for User Entity Instance: right_fsru:\intermediate:0:shift_rot|mux_2to1:toplevel_mux ;
+----------------+-------+--------------------------------------------------------------------------------+
; Parameter Name ; Value ; Type                                                                           ;
+----------------+-------+--------------------------------------------------------------------------------+
; size           ; 1     ; Signed Integer                                                                 ;
+----------------+-------+--------------------------------------------------------------------------------+
Note: In order to hide this table in the UI and the text report file, please set the "Show Parameter Settings in Synthesis Report" option in "Analysis and Synthesis Settings -> More Settings" to "Off".


+-----------------------------------------------------------------------------------+
; Parameter Settings for User Entity Instance: right_fsru:\intermediate:1:shift_rot ;
+----------------+-------+----------------------------------------------------------+
; Parameter Name ; Value ; Type                                                     ;
+----------------+-------+----------------------------------------------------------+
; size           ; 16    ; Signed Integer                                           ;
; cnt_val        ; 2     ; Signed Integer                                           ;
+----------------+-------+----------------------------------------------------------+
Note: In order to hide this table in the UI and the text report file, please set the "Show Parameter Settings in Synthesis Report" option in "Analysis and Synthesis Settings -> More Settings" to "Off".


+---------------------------------------------------------------------------------------------------------+
; Parameter Settings for User Entity Instance: right_fsru:\intermediate:1:shift_rot|mux_2to1:toplevel_mux ;
+----------------+-------+--------------------------------------------------------------------------------+
; Parameter Name ; Value ; Type                                                                           ;
+----------------+-------+--------------------------------------------------------------------------------+
; size           ; 2     ; Signed Integer                                                                 ;
+----------------+-------+--------------------------------------------------------------------------------+
Note: In order to hide this table in the UI and the text report file, please set the "Show Parameter Settings in Synthesis Report" option in "Analysis and Synthesis Settings -> More Settings" to "Off".


+-----------------------------------------------------------------------------------+
; Parameter Settings for User Entity Instance: right_fsru:\intermediate:2:shift_rot ;
+----------------+-------+----------------------------------------------------------+
; Parameter Name ; Value ; Type                                                     ;
+----------------+-------+----------------------------------------------------------+
; size           ; 16    ; Signed Integer                                           ;
; cnt_val        ; 4     ; Signed Integer                                           ;
+----------------+-------+----------------------------------------------------------+
Note: In order to hide this table in the UI and the text report file, please set the "Show Parameter Settings in Synthesis Report" option in "Analysis and Synthesis Settings -> More Settings" to "Off".


+---------------------------------------------------------------------------------------------------------+
; Parameter Settings for User Entity Instance: right_fsru:\intermediate:2:shift_rot|mux_2to1:toplevel_mux ;
+----------------+-------+--------------------------------------------------------------------------------+
; Parameter Name ; Value ; Type                                                                           ;
+----------------+-------+--------------------------------------------------------------------------------+
; size           ; 4     ; Signed Integer                                                                 ;
+----------------+-------+--------------------------------------------------------------------------------+
Note: In order to hide this table in the UI and the text report file, please set the "Show Parameter Settings in Synthesis Report" option in "Analysis and Synthesis Settings -> More Settings" to "Off".


+-----------------------------------------------------------------------------------+
; Parameter Settings for User Entity Instance: right_fsru:\intermediate:3:shift_rot ;
+----------------+-------+----------------------------------------------------------+
; Parameter Name ; Value ; Type                                                     ;
+----------------+-------+----------------------------------------------------------+
; size           ; 16    ; Signed Integer                                           ;
; cnt_val        ; 8     ; Signed Integer                                           ;
+----------------+-------+----------------------------------------------------------+
Note: In order to hide this table in the UI and the text report file, please set the "Show Parameter Settings in Synthesis Report" option in "Analysis and Synthesis Settings -> More Settings" to "Off".


+---------------------------------------------------------------------------------------------------------+
; Parameter Settings for User Entity Instance: right_fsru:\intermediate:3:shift_rot|mux_2to1:toplevel_mux ;
+----------------+-------+--------------------------------------------------------------------------------+
; Parameter Name ; Value ; Type                                                                           ;
+----------------+-------+--------------------------------------------------------------------------------+
; size           ; 8     ; Signed Integer                                                                 ;
+----------------+-------+--------------------------------------------------------------------------------+
Note: In order to hide this table in the UI and the text report file, please set the "Show Parameter Settings in Synthesis Report" option in "Analysis and Synthesis Settings -> More Settings" to "Off".


+-----------------------------------------------------------------+
; Parameter Settings for User Entity Instance: bru:second_reverse ;
+----------------+-------+----------------------------------------+
; Parameter Name ; Value ; Type                                   ;
+----------------+-------+----------------------------------------+
; size           ; 16    ; Signed Integer                         ;
+----------------+-------+----------------------------------------+
Note: In order to hide this table in the UI and the text report file, please set the "Show Parameter Settings in Synthesis Report" option in "Analysis and Synthesis Settings -> More Settings" to "Off".


+-----------------------------------------------------+
; Post-Synthesis Netlist Statistics for Top Partition ;
+-----------------------+-----------------------------+
; Type                  ; Count                       ;
+-----------------------+-----------------------------+
; arriav_lcell_comb     ; 64                          ;
;     normal            ; 64                          ;
;         2 data inputs ; 1                           ;
;         3 data inputs ; 10                          ;
;         4 data inputs ; 3                           ;
;         5 data inputs ; 6                           ;
;         6 data inputs ; 44                          ;
; boundary_port         ; 39                          ;
;                       ;                             ;
; Max LUT depth         ; 4.00                        ;
; Average LUT depth     ; 3.93                        ;
+-----------------------+-----------------------------+


+-------------------------------+
; Elapsed Time Per Partition    ;
+----------------+--------------+
; Partition Name ; Elapsed Time ;
+----------------+--------------+
; Top            ; 00:00:01     ;
+----------------+--------------+


+-------------------------------+
; Analysis & Synthesis Messages ;
+-------------------------------+
Info: *******************************************************************
Info: Running Quartus Prime Analysis & Synthesis
    Info: Version 17.1.0 Build 590 10/25/2017 SJ Lite Edition
    Info: Processing started: Tue Jan 30 23:41:29 2018
Info: Command: quartus_map --read_settings_files=on --write_settings_files=off lab3_task4 -c log_bsru
Warning (18236): Number of processors has not been specified which may cause overloading on shared machines.  Set the global assignment NUM_PARALLEL_PROCESSORS in your QSF to an appropriate value for best performance.
Info (20030): Parallel compilation is enabled and will use 2 of the 2 processors detected
Info (12021): Found 2 design units, including 1 entities, in source file /users/xaviernara/desktop/ece-371-master/ece-371-master/lab 3/task 2/bru.vhd
    Info (12022): Found design unit 1: bru-behavior File: C:/Users/xaviernara/Desktop/ECE-371-master/ECE-371-master/Lab 3/task 2/bru.vhd Line: 15
    Info (12023): Found entity 1: bru File: C:/Users/xaviernara/Desktop/ECE-371-master/ECE-371-master/Lab 3/task 2/bru.vhd Line: 4
Info (12021): Found 2 design units, including 1 entities, in source file /users/xaviernara/desktop/ece-371-master/ece-371-master/lab 3/task 3/right_fsru.vhd
    Info (12022): Found design unit 1: right_fsru-mixed File: C:/Users/xaviernara/Desktop/ECE-371-master/ECE-371-master/Lab 3/task 3/right_fsru.vhd Line: 15
    Info (12023): Found entity 1: right_fsru File: C:/Users/xaviernara/Desktop/ECE-371-master/ECE-371-master/Lab 3/task 3/right_fsru.vhd Line: 4
Info (12021): Found 2 design units, including 1 entities, in source file mux_2to1.vhd
    Info (12022): Found design unit 1: mux_2to1-mixed File: C:/Users/xaviernara/Desktop/ECE-371-master/ECE-371-master/Lab 3/task 4/mux_2to1.vhd Line: 11
    Info (12023): Found entity 1: mux_2to1 File: C:/Users/xaviernara/Desktop/ECE-371-master/ECE-371-master/Lab 3/task 4/mux_2to1.vhd Line: 4
Warning (12125): Using design file log_bsru.vhd, which is not specified as a design file for the current project, but contains definitions for 2 design units and 1 entities in project
    Info (12022): Found design unit 1: log_bsru-structure File: C:/Users/xaviernara/Desktop/ECE-371-master/ECE-371-master/Lab 3/task 4/log_bsru.vhd Line: 13
    Info (12023): Found entity 1: log_bsru File: C:/Users/xaviernara/Desktop/ECE-371-master/ECE-371-master/Lab 3/task 4/log_bsru.vhd Line: 4
Info (12127): Elaborating entity "log_bsru" for the top level hierarchy
Info (12129): Elaborating entity "bru" using architecture "A:behavior" for hierarchy "bru:first_reverse" File: C:/Users/xaviernara/Desktop/ECE-371-master/ECE-371-master/Lab 3/task 4/log_bsru.vhd Line: 21
Info (12129): Elaborating entity "right_fsru" using architecture "A:mixed" for hierarchy "right_fsru:\intermediate:0:shift_rot" File: C:/Users/xaviernara/Desktop/ECE-371-master/ECE-371-master/Lab 3/task 4/log_bsru.vhd Line: 28
Info (12129): Elaborating entity "mux_2to1" using architecture "A:mixed" for hierarchy "right_fsru:\intermediate:0:shift_rot|mux_2to1:toplevel_mux" File: C:/Users/xaviernara/Desktop/ECE-371-master/ECE-371-master/Lab 3/task 3/right_fsru.vhd Line: 26
Info (12129): Elaborating entity "right_fsru" using architecture "A:mixed" for hierarchy "right_fsru:\intermediate:1:shift_rot" File: C:/Users/xaviernara/Desktop/ECE-371-master/ECE-371-master/Lab 3/task 4/log_bsru.vhd Line: 28
Info (12129): Elaborating entity "mux_2to1" using architecture "A:mixed" for hierarchy "right_fsru:\intermediate:1:shift_rot|mux_2to1:toplevel_mux" File: C:/Users/xaviernara/Desktop/ECE-371-master/ECE-371-master/Lab 3/task 3/right_fsru.vhd Line: 26
Info (12129): Elaborating entity "right_fsru" using architecture "A:mixed" for hierarchy "right_fsru:\intermediate:2:shift_rot" File: C:/Users/xaviernara/Desktop/ECE-371-master/ECE-371-master/Lab 3/task 4/log_bsru.vhd Line: 28
Info (12129): Elaborating entity "mux_2to1" using architecture "A:mixed" for hierarchy "right_fsru:\intermediate:2:shift_rot|mux_2to1:toplevel_mux" File: C:/Users/xaviernara/Desktop/ECE-371-master/ECE-371-master/Lab 3/task 3/right_fsru.vhd Line: 26
Info (12129): Elaborating entity "right_fsru" using architecture "A:mixed" for hierarchy "right_fsru:\intermediate:3:shift_rot" File: C:/Users/xaviernara/Desktop/ECE-371-master/ECE-371-master/Lab 3/task 4/log_bsru.vhd Line: 28
Info (12129): Elaborating entity "mux_2to1" using architecture "A:mixed" for hierarchy "right_fsru:\intermediate:3:shift_rot|mux_2to1:toplevel_mux" File: C:/Users/xaviernara/Desktop/ECE-371-master/ECE-371-master/Lab 3/task 3/right_fsru.vhd Line: 26
Info (286030): Timing-Driven Synthesis is running
Info (16010): Generating hard_block partition "hard_block:auto_generated_inst"
    Info (16011): Adding 0 node(s), including 0 DDIO, 0 PLL, 0 transceiver and 0 LCELL
Info (21057): Implemented 103 device resources after synthesis - the final resource count might be different
    Info (21058): Implemented 23 input pins
    Info (21059): Implemented 16 output pins
    Info (21061): Implemented 64 logic cells
Info: Quartus Prime Analysis & Synthesis was successful. 0 errors, 2 warnings
    Info: Peak virtual memory: 706 megabytes
    Info: Processing ended: Tue Jan 30 23:41:53 2018
    Info: Elapsed time: 00:00:24
    Info: Total CPU time (on all processors): 00:00:51


=======
Analysis & Synthesis report for log_bsru
Tue Jan 30 23:41:53 2018
Quartus Prime Version 17.1.0 Build 590 10/25/2017 SJ Lite Edition


---------------------
; Table of Contents ;
---------------------
  1. Legal Notice
  2. Analysis & Synthesis Summary
  3. Analysis & Synthesis Settings
  4. Parallel Compilation
  5. Analysis & Synthesis Source Files Read
  6. Analysis & Synthesis Resource Usage Summary
  7. Analysis & Synthesis Resource Utilization by Entity
  8. General Register Statistics
  9. Multiplexer Restructuring Statistics (Restructuring Performed)
 10. Parameter Settings for User Entity Instance: Top-level Entity: |log_bsru
 11. Parameter Settings for User Entity Instance: bru:first_reverse
 12. Parameter Settings for User Entity Instance: right_fsru:\intermediate:0:shift_rot
 13. Parameter Settings for User Entity Instance: right_fsru:\intermediate:0:shift_rot|mux_2to1:toplevel_mux
 14. Parameter Settings for User Entity Instance: right_fsru:\intermediate:1:shift_rot
 15. Parameter Settings for User Entity Instance: right_fsru:\intermediate:1:shift_rot|mux_2to1:toplevel_mux
 16. Parameter Settings for User Entity Instance: right_fsru:\intermediate:2:shift_rot
 17. Parameter Settings for User Entity Instance: right_fsru:\intermediate:2:shift_rot|mux_2to1:toplevel_mux
 18. Parameter Settings for User Entity Instance: right_fsru:\intermediate:3:shift_rot
 19. Parameter Settings for User Entity Instance: right_fsru:\intermediate:3:shift_rot|mux_2to1:toplevel_mux
 20. Parameter Settings for User Entity Instance: bru:second_reverse
 21. Post-Synthesis Netlist Statistics for Top Partition
 22. Elapsed Time Per Partition
 23. Analysis & Synthesis Messages



----------------
; Legal Notice ;
----------------
Copyright (C) 2017  Intel Corporation. All rights reserved.
Your use of Intel Corporation's design tools, logic functions 
and other software and tools, and its AMPP partner logic 
functions, and any output files from any of the foregoing 
(including device programming or simulation files), and any 
associated documentation or information are expressly subject 
to the terms and conditions of the Intel Program License 
Subscription Agreement, the Intel Quartus Prime License Agreement,
the Intel FPGA IP License Agreement, or other applicable license
agreement, including, without limitation, that your use is for
the sole purpose of programming logic devices manufactured by
Intel and sold by Intel or its authorized distributors.  Please
refer to the applicable agreement for further details.



+-------------------------------------------------------------------------------+
; Analysis & Synthesis Summary                                                  ;
+---------------------------------+---------------------------------------------+
; Analysis & Synthesis Status     ; Successful - Tue Jan 30 23:41:53 2018       ;
; Quartus Prime Version           ; 17.1.0 Build 590 10/25/2017 SJ Lite Edition ;
; Revision Name                   ; log_bsru                                    ;
; Top-level Entity Name           ; log_bsru                                    ;
; Family                          ; Cyclone V                                   ;
; Logic utilization (in ALMs)     ; N/A                                         ;
; Total registers                 ; 0                                           ;
; Total pins                      ; 39                                          ;
; Total virtual pins              ; 0                                           ;
; Total block memory bits         ; 0                                           ;
; Total DSP Blocks                ; 0                                           ;
; Total HSSI RX PCSs              ; 0                                           ;
; Total HSSI PMA RX Deserializers ; 0                                           ;
; Total HSSI TX PCSs              ; 0                                           ;
; Total HSSI PMA TX Serializers   ; 0                                           ;
; Total PLLs                      ; 0                                           ;
; Total DLLs                      ; 0                                           ;
+---------------------------------+---------------------------------------------+


+---------------------------------------------------------------------------------------------------------------------------+
; Analysis & Synthesis Settings                                                                                             ;
+---------------------------------------------------------------------------------+--------------------+--------------------+
; Option                                                                          ; Setting            ; Default Value      ;
+---------------------------------------------------------------------------------+--------------------+--------------------+
; Device                                                                          ; 5CGXFC7C6U19C6     ;                    ;
; Top-level entity name                                                           ; log_bsru           ; log_bsru           ;
; Family name                                                                     ; Cyclone V          ; Cyclone V          ;
; Use smart compilation                                                           ; Off                ; Off                ;
; Enable parallel Assembler and TimeQuest Timing Analyzer during compilation      ; On                 ; On                 ;
; Enable compact report table                                                     ; Off                ; Off                ;
; Restructure Multiplexers                                                        ; Auto               ; Auto               ;
; MLAB Add Timing Constraints For Mixed-Port Feed-Through Mode Setting Don't Care ; Off                ; Off                ;
; Create Debugging Nodes for IP Cores                                             ; Off                ; Off                ;
; Preserve fewer node names                                                       ; On                 ; On                 ;
; Intel FPGA IP Evaluation Mode                                                   ; Enable             ; Enable             ;
; Verilog Version                                                                 ; Verilog_2001       ; Verilog_2001       ;
; VHDL Version                                                                    ; VHDL_1993          ; VHDL_1993          ;
; State Machine Processing                                                        ; Auto               ; Auto               ;
; Safe State Machine                                                              ; Off                ; Off                ;
; Extract Verilog State Machines                                                  ; On                 ; On                 ;
; Extract VHDL State Machines                                                     ; On                 ; On                 ;
; Ignore Verilog initial constructs                                               ; Off                ; Off                ;
; Iteration limit for constant Verilog loops                                      ; 5000               ; 5000               ;
; Iteration limit for non-constant Verilog loops                                  ; 250                ; 250                ;
; Add Pass-Through Logic to Inferred RAMs                                         ; On                 ; On                 ;
; Infer RAMs from Raw Logic                                                       ; On                 ; On                 ;
; Parallel Synthesis                                                              ; On                 ; On                 ;
; DSP Block Balancing                                                             ; Auto               ; Auto               ;
; NOT Gate Push-Back                                                              ; On                 ; On                 ;
; Power-Up Don't Care                                                             ; On                 ; On                 ;
; Remove Redundant Logic Cells                                                    ; Off                ; Off                ;
; Remove Duplicate Registers                                                      ; On                 ; On                 ;
; Ignore CARRY Buffers                                                            ; Off                ; Off                ;
; Ignore CASCADE Buffers                                                          ; Off                ; Off                ;
; Ignore GLOBAL Buffers                                                           ; Off                ; Off                ;
; Ignore ROW GLOBAL Buffers                                                       ; Off                ; Off                ;
; Ignore LCELL Buffers                                                            ; Off                ; Off                ;
; Ignore SOFT Buffers                                                             ; On                 ; On                 ;
; Limit AHDL Integers to 32 Bits                                                  ; Off                ; Off                ;
; Optimization Technique                                                          ; Balanced           ; Balanced           ;
; Carry Chain Length                                                              ; 70                 ; 70                 ;
; Auto Carry Chains                                                               ; On                 ; On                 ;
; Auto Open-Drain Pins                                                            ; On                 ; On                 ;
; Perform WYSIWYG Primitive Resynthesis                                           ; Off                ; Off                ;
; Auto ROM Replacement                                                            ; On                 ; On                 ;
; Auto RAM Replacement                                                            ; On                 ; On                 ;
; Auto DSP Block Replacement                                                      ; On                 ; On                 ;
; Auto Shift Register Replacement                                                 ; Auto               ; Auto               ;
; Allow Shift Register Merging across Hierarchies                                 ; Auto               ; Auto               ;
; Auto Clock Enable Replacement                                                   ; On                 ; On                 ;
; Strict RAM Replacement                                                          ; Off                ; Off                ;
; Allow Synchronous Control Signals                                               ; On                 ; On                 ;
; Force Use of Synchronous Clear Signals                                          ; Off                ; Off                ;
; Auto Resource Sharing                                                           ; Off                ; Off                ;
; Allow Any RAM Size For Recognition                                              ; Off                ; Off                ;
; Allow Any ROM Size For Recognition                                              ; Off                ; Off                ;
; Allow Any Shift Register Size For Recognition                                   ; Off                ; Off                ;
; Use LogicLock Constraints during Resource Balancing                             ; On                 ; On                 ;
; Ignore translate_off and synthesis_off directives                               ; Off                ; Off                ;
; Timing-Driven Synthesis                                                         ; On                 ; On                 ;
; Report Parameter Settings                                                       ; On                 ; On                 ;
; Report Source Assignments                                                       ; On                 ; On                 ;
; Report Connectivity Checks                                                      ; On                 ; On                 ;
; Ignore Maximum Fan-Out Assignments                                              ; Off                ; Off                ;
; Synchronization Register Chain Length                                           ; 3                  ; 3                  ;
; Power Optimization During Synthesis                                             ; Normal compilation ; Normal compilation ;
; HDL message level                                                               ; Level2             ; Level2             ;
; Suppress Register Optimization Related Messages                                 ; Off                ; Off                ;
; Number of Removed Registers Reported in Synthesis Report                        ; 5000               ; 5000               ;
; Number of Swept Nodes Reported in Synthesis Report                              ; 5000               ; 5000               ;
; Number of Inverted Registers Reported in Synthesis Report                       ; 100                ; 100                ;
; Clock MUX Protection                                                            ; On                 ; On                 ;
; Auto Gated Clock Conversion                                                     ; Off                ; Off                ;
; Block Design Naming                                                             ; Auto               ; Auto               ;
; SDC constraint protection                                                       ; Off                ; Off                ;
; Synthesis Effort                                                                ; Auto               ; Auto               ;
; Shift Register Replacement - Allow Asynchronous Clear Signal                    ; On                 ; On                 ;
; Pre-Mapping Resynthesis Optimization                                            ; Off                ; Off                ;
; Analysis & Synthesis Message Level                                              ; Medium             ; Medium             ;
; Disable Register Merging Across Hierarchies                                     ; Auto               ; Auto               ;
; Resource Aware Inference For Block RAM                                          ; On                 ; On                 ;
; Automatic Parallel Synthesis                                                    ; On                 ; On                 ;
; Partial Reconfiguration Bitstream ID                                            ; Off                ; Off                ;
+---------------------------------------------------------------------------------+--------------------+--------------------+


+------------------------------------------+
; Parallel Compilation                     ;
+----------------------------+-------------+
; Processors                 ; Number      ;
+----------------------------+-------------+
; Number detected on machine ; 4           ;
; Maximum allowed            ; 2           ;
;                            ;             ;
; Average used               ; 1.00        ;
; Maximum used               ; 1           ;
;                            ;             ;
; Usage by Processor         ; % Time Used ;
;     Processor 1            ; 100.0%      ;
+----------------------------+-------------+


+------------------------------------------------------------------------------------------------------------------------------------------------------------------------------+
; Analysis & Synthesis Source Files Read                                                                                                                                       ;
+----------------------------------+-----------------+-----------------------+---------------------------------------------------------------------------------------+---------+
; File Name with User-Entered Path ; Used in Netlist ; File Type             ; File Name with Absolute Path                                                          ; Library ;
+----------------------------------+-----------------+-----------------------+---------------------------------------------------------------------------------------+---------+
; ../task 2/bru.vhd                ; yes             ; User VHDL File        ; C:/Users/xaviernara/Desktop/ECE-371-master/ECE-371-master/Lab 3/task 2/bru.vhd        ;         ;
; ../task 3/right_fsru.vhd         ; yes             ; User VHDL File        ; C:/Users/xaviernara/Desktop/ECE-371-master/ECE-371-master/Lab 3/task 3/right_fsru.vhd ;         ;
; mux_2to1.vhd                     ; yes             ; User VHDL File        ; C:/Users/xaviernara/Desktop/ECE-371-master/ECE-371-master/Lab 3/task 4/mux_2to1.vhd   ;         ;
; log_bsru.vhd                     ; yes             ; Auto-Found VHDL File  ; C:/Users/xaviernara/Desktop/ECE-371-master/ECE-371-master/Lab 3/task 4/log_bsru.vhd   ;         ;
+----------------------------------+-----------------+-----------------------+---------------------------------------------------------------------------------------+---------+


+-----------------------------------------------------------+
; Analysis & Synthesis Resource Usage Summary               ;
+---------------------------------------------+-------------+
; Resource                                    ; Usage       ;
+---------------------------------------------+-------------+
; Estimate of Logic utilization (ALMs needed) ; 54          ;
;                                             ;             ;
; Combinational ALUT usage for logic          ; 64          ;
;     -- 7 input functions                    ; 0           ;
;     -- 6 input functions                    ; 44          ;
;     -- 5 input functions                    ; 6           ;
;     -- 4 input functions                    ; 3           ;
;     -- <=3 input functions                  ; 11          ;
;                                             ;             ;
; Dedicated logic registers                   ; 0           ;
;                                             ;             ;
; I/O pins                                    ; 39          ;
;                                             ;             ;
; Total DSP Blocks                            ; 0           ;
;                                             ;             ;
; Maximum fan-out node                        ; right~input ;
; Maximum fan-out                             ; 33          ;
; Total fan-out                               ; 393         ;
; Average fan-out                             ; 2.77        ;
+---------------------------------------------+-------------+


+--------------------------------------------------------------------------------------------------------------------------------------------------------------------------------------------------------------------------------------------------------+
; Analysis & Synthesis Resource Utilization by Entity                                                                                                                                                                                                    ;
+-------------------------------------------+---------------------+---------------------------+-------------------+------------+------+--------------+----------------------------------------------------------------------+-------------+--------------+
; Compilation Hierarchy Node                ; Combinational ALUTs ; Dedicated Logic Registers ; Block Memory Bits ; DSP Blocks ; Pins ; Virtual Pins ; Full Hierarchy Name                                                  ; Entity Name ; Library Name ;
+-------------------------------------------+---------------------+---------------------------+-------------------+------------+------+--------------+----------------------------------------------------------------------+-------------+--------------+
; |log_bsru                                 ; 64 (0)              ; 0 (0)                     ; 0                 ; 0          ; 39   ; 0            ; |log_bsru                                                            ; log_bsru    ; work         ;
;    |bru:second_reverse|                   ; 16 (16)             ; 0 (0)                     ; 0                 ; 0          ; 0    ; 0            ; |log_bsru|bru:second_reverse                                         ; bru         ; work         ;
;    |right_fsru:\intermediate:0:shift_rot| ; 17 (16)             ; 0 (0)                     ; 0                 ; 0          ; 0    ; 0            ; |log_bsru|right_fsru:\intermediate:0:shift_rot                       ; right_fsru  ; work         ;
;       |mux_2to1:toplevel_mux|             ; 1 (1)               ; 0 (0)                     ; 0                 ; 0          ; 0    ; 0            ; |log_bsru|right_fsru:\intermediate:0:shift_rot|mux_2to1:toplevel_mux ; mux_2to1    ; work         ;
;    |right_fsru:\intermediate:1:shift_rot| ; 2 (0)               ; 0 (0)                     ; 0                 ; 0          ; 0    ; 0            ; |log_bsru|right_fsru:\intermediate:1:shift_rot                       ; right_fsru  ; work         ;
;       |mux_2to1:toplevel_mux|             ; 2 (2)               ; 0 (0)                     ; 0                 ; 0          ; 0    ; 0            ; |log_bsru|right_fsru:\intermediate:1:shift_rot|mux_2to1:toplevel_mux ; mux_2to1    ; work         ;
;    |right_fsru:\intermediate:2:shift_rot| ; 21 (21)             ; 0 (0)                     ; 0                 ; 0          ; 0    ; 0            ; |log_bsru|right_fsru:\intermediate:2:shift_rot                       ; right_fsru  ; work         ;
;    |right_fsru:\intermediate:3:shift_rot| ; 8 (0)               ; 0 (0)                     ; 0                 ; 0          ; 0    ; 0            ; |log_bsru|right_fsru:\intermediate:3:shift_rot                       ; right_fsru  ; work         ;
;       |mux_2to1:toplevel_mux|             ; 8 (8)               ; 0 (0)                     ; 0                 ; 0          ; 0    ; 0            ; |log_bsru|right_fsru:\intermediate:3:shift_rot|mux_2to1:toplevel_mux ; mux_2to1    ; work         ;
+-------------------------------------------+---------------------+---------------------------+-------------------+------------+------+--------------+----------------------------------------------------------------------+-------------+--------------+
Note: For table entries with two numbers listed, the numbers in parentheses indicate the number of resources of the given type used by the specific entity alone. The numbers listed outside of parentheses indicate the total resources of the given type used by the specific entity and all of its sub-entities in the hierarchy.


+------------------------------------------------------+
; General Register Statistics                          ;
+----------------------------------------------+-------+
; Statistic                                    ; Value ;
+----------------------------------------------+-------+
; Total registers                              ; 0     ;
; Number of registers using Synchronous Clear  ; 0     ;
; Number of registers using Synchronous Load   ; 0     ;
; Number of registers using Asynchronous Clear ; 0     ;
; Number of registers using Asynchronous Load  ; 0     ;
; Number of registers using Clock Enable       ; 0     ;
; Number of registers using Preset             ; 0     ;
+----------------------------------------------+-------+


+--------------------------------------------------------------------------------------------------------------------------------------------------------------------+
; Multiplexer Restructuring Statistics (Restructuring Performed)                                                                                                     ;
+--------------------+-----------+---------------+----------------------+------------------------+------------+------------------------------------------------------+
; Multiplexer Inputs ; Bus Width ; Baseline Area ; Area if Restructured ; Saving if Restructured ; Registered ; Example Multiplexer Output                           ;
+--------------------+-----------+---------------+----------------------+------------------------+------------+------------------------------------------------------+
; 4:1                ; 14 bits   ; 28 LEs        ; 28 LEs               ; 0 LEs                  ; No         ; |log_bsru|right_fsru:\intermediate:0:shift_rot|F[13] ;
; 4:1                ; 12 bits   ; 24 LEs        ; 24 LEs               ; 0 LEs                  ; No         ; |log_bsru|right_fsru:\intermediate:2:shift_rot|F[11] ;
; 4:1                ; 16 bits   ; 32 LEs        ; 32 LEs               ; 0 LEs                  ; No         ; |log_bsru|bru:second_reverse|Y[0]                    ;
; 5:1                ; 4 bits    ; 12 LEs        ; 12 LEs               ; 0 LEs                  ; No         ; |log_bsru|right_fsru:\intermediate:2:shift_rot|F[12] ;
+--------------------+-----------+---------------+----------------------+------------------------+------------+------------------------------------------------------+


+--------------------------------------------------------------------------+
; Parameter Settings for User Entity Instance: Top-level Entity: |log_bsru ;
+----------------+-------+-------------------------------------------------+
; Parameter Name ; Value ; Type                                            ;
+----------------+-------+-------------------------------------------------+
; CNT_SIZE       ; 4     ; Signed Integer                                  ;
+----------------+-------+-------------------------------------------------+
Note: In order to hide this table in the UI and the text report file, please set the "Show Parameter Settings in Synthesis Report" option in "Analysis and Synthesis Settings -> More Settings" to "Off".


+----------------------------------------------------------------+
; Parameter Settings for User Entity Instance: bru:first_reverse ;
+----------------+-------+---------------------------------------+
; Parameter Name ; Value ; Type                                  ;
+----------------+-------+---------------------------------------+
; size           ; 16    ; Signed Integer                        ;
+----------------+-------+---------------------------------------+
Note: In order to hide this table in the UI and the text report file, please set the "Show Parameter Settings in Synthesis Report" option in "Analysis and Synthesis Settings -> More Settings" to "Off".


+-----------------------------------------------------------------------------------+
; Parameter Settings for User Entity Instance: right_fsru:\intermediate:0:shift_rot ;
+----------------+-------+----------------------------------------------------------+
; Parameter Name ; Value ; Type                                                     ;
+----------------+-------+----------------------------------------------------------+
; size           ; 16    ; Signed Integer                                           ;
; cnt_val        ; 1     ; Signed Integer                                           ;
+----------------+-------+----------------------------------------------------------+
Note: In order to hide this table in the UI and the text report file, please set the "Show Parameter Settings in Synthesis Report" option in "Analysis and Synthesis Settings -> More Settings" to "Off".


+---------------------------------------------------------------------------------------------------------+
; Parameter Settings for User Entity Instance: right_fsru:\intermediate:0:shift_rot|mux_2to1:toplevel_mux ;
+----------------+-------+--------------------------------------------------------------------------------+
; Parameter Name ; Value ; Type                                                                           ;
+----------------+-------+--------------------------------------------------------------------------------+
; size           ; 1     ; Signed Integer                                                                 ;
+----------------+-------+--------------------------------------------------------------------------------+
Note: In order to hide this table in the UI and the text report file, please set the "Show Parameter Settings in Synthesis Report" option in "Analysis and Synthesis Settings -> More Settings" to "Off".


+-----------------------------------------------------------------------------------+
; Parameter Settings for User Entity Instance: right_fsru:\intermediate:1:shift_rot ;
+----------------+-------+----------------------------------------------------------+
; Parameter Name ; Value ; Type                                                     ;
+----------------+-------+----------------------------------------------------------+
; size           ; 16    ; Signed Integer                                           ;
; cnt_val        ; 2     ; Signed Integer                                           ;
+----------------+-------+----------------------------------------------------------+
Note: In order to hide this table in the UI and the text report file, please set the "Show Parameter Settings in Synthesis Report" option in "Analysis and Synthesis Settings -> More Settings" to "Off".


+---------------------------------------------------------------------------------------------------------+
; Parameter Settings for User Entity Instance: right_fsru:\intermediate:1:shift_rot|mux_2to1:toplevel_mux ;
+----------------+-------+--------------------------------------------------------------------------------+
; Parameter Name ; Value ; Type                                                                           ;
+----------------+-------+--------------------------------------------------------------------------------+
; size           ; 2     ; Signed Integer                                                                 ;
+----------------+-------+--------------------------------------------------------------------------------+
Note: In order to hide this table in the UI and the text report file, please set the "Show Parameter Settings in Synthesis Report" option in "Analysis and Synthesis Settings -> More Settings" to "Off".


+-----------------------------------------------------------------------------------+
; Parameter Settings for User Entity Instance: right_fsru:\intermediate:2:shift_rot ;
+----------------+-------+----------------------------------------------------------+
; Parameter Name ; Value ; Type                                                     ;
+----------------+-------+----------------------------------------------------------+
; size           ; 16    ; Signed Integer                                           ;
; cnt_val        ; 4     ; Signed Integer                                           ;
+----------------+-------+----------------------------------------------------------+
Note: In order to hide this table in the UI and the text report file, please set the "Show Parameter Settings in Synthesis Report" option in "Analysis and Synthesis Settings -> More Settings" to "Off".


+---------------------------------------------------------------------------------------------------------+
; Parameter Settings for User Entity Instance: right_fsru:\intermediate:2:shift_rot|mux_2to1:toplevel_mux ;
+----------------+-------+--------------------------------------------------------------------------------+
; Parameter Name ; Value ; Type                                                                           ;
+----------------+-------+--------------------------------------------------------------------------------+
; size           ; 4     ; Signed Integer                                                                 ;
+----------------+-------+--------------------------------------------------------------------------------+
Note: In order to hide this table in the UI and the text report file, please set the "Show Parameter Settings in Synthesis Report" option in "Analysis and Synthesis Settings -> More Settings" to "Off".


+-----------------------------------------------------------------------------------+
; Parameter Settings for User Entity Instance: right_fsru:\intermediate:3:shift_rot ;
+----------------+-------+----------------------------------------------------------+
; Parameter Name ; Value ; Type                                                     ;
+----------------+-------+----------------------------------------------------------+
; size           ; 16    ; Signed Integer                                           ;
; cnt_val        ; 8     ; Signed Integer                                           ;
+----------------+-------+----------------------------------------------------------+
Note: In order to hide this table in the UI and the text report file, please set the "Show Parameter Settings in Synthesis Report" option in "Analysis and Synthesis Settings -> More Settings" to "Off".


+---------------------------------------------------------------------------------------------------------+
; Parameter Settings for User Entity Instance: right_fsru:\intermediate:3:shift_rot|mux_2to1:toplevel_mux ;
+----------------+-------+--------------------------------------------------------------------------------+
; Parameter Name ; Value ; Type                                                                           ;
+----------------+-------+--------------------------------------------------------------------------------+
; size           ; 8     ; Signed Integer                                                                 ;
+----------------+-------+--------------------------------------------------------------------------------+
Note: In order to hide this table in the UI and the text report file, please set the "Show Parameter Settings in Synthesis Report" option in "Analysis and Synthesis Settings -> More Settings" to "Off".


+-----------------------------------------------------------------+
; Parameter Settings for User Entity Instance: bru:second_reverse ;
+----------------+-------+----------------------------------------+
; Parameter Name ; Value ; Type                                   ;
+----------------+-------+----------------------------------------+
; size           ; 16    ; Signed Integer                         ;
+----------------+-------+----------------------------------------+
Note: In order to hide this table in the UI and the text report file, please set the "Show Parameter Settings in Synthesis Report" option in "Analysis and Synthesis Settings -> More Settings" to "Off".


+-----------------------------------------------------+
; Post-Synthesis Netlist Statistics for Top Partition ;
+-----------------------+-----------------------------+
; Type                  ; Count                       ;
+-----------------------+-----------------------------+
; arriav_lcell_comb     ; 64                          ;
;     normal            ; 64                          ;
;         2 data inputs ; 1                           ;
;         3 data inputs ; 10                          ;
;         4 data inputs ; 3                           ;
;         5 data inputs ; 6                           ;
;         6 data inputs ; 44                          ;
; boundary_port         ; 39                          ;
;                       ;                             ;
; Max LUT depth         ; 4.00                        ;
; Average LUT depth     ; 3.93                        ;
+-----------------------+-----------------------------+


+-------------------------------+
; Elapsed Time Per Partition    ;
+----------------+--------------+
; Partition Name ; Elapsed Time ;
+----------------+--------------+
; Top            ; 00:00:01     ;
+----------------+--------------+


+-------------------------------+
; Analysis & Synthesis Messages ;
+-------------------------------+
Info: *******************************************************************
Info: Running Quartus Prime Analysis & Synthesis
    Info: Version 17.1.0 Build 590 10/25/2017 SJ Lite Edition
    Info: Processing started: Tue Jan 30 23:41:29 2018
Info: Command: quartus_map --read_settings_files=on --write_settings_files=off lab3_task4 -c log_bsru
Warning (18236): Number of processors has not been specified which may cause overloading on shared machines.  Set the global assignment NUM_PARALLEL_PROCESSORS in your QSF to an appropriate value for best performance.
Info (20030): Parallel compilation is enabled and will use 2 of the 2 processors detected
Info (12021): Found 2 design units, including 1 entities, in source file /users/xaviernara/desktop/ece-371-master/ece-371-master/lab 3/task 2/bru.vhd
    Info (12022): Found design unit 1: bru-behavior File: C:/Users/xaviernara/Desktop/ECE-371-master/ECE-371-master/Lab 3/task 2/bru.vhd Line: 15
    Info (12023): Found entity 1: bru File: C:/Users/xaviernara/Desktop/ECE-371-master/ECE-371-master/Lab 3/task 2/bru.vhd Line: 4
Info (12021): Found 2 design units, including 1 entities, in source file /users/xaviernara/desktop/ece-371-master/ece-371-master/lab 3/task 3/right_fsru.vhd
    Info (12022): Found design unit 1: right_fsru-mixed File: C:/Users/xaviernara/Desktop/ECE-371-master/ECE-371-master/Lab 3/task 3/right_fsru.vhd Line: 15
    Info (12023): Found entity 1: right_fsru File: C:/Users/xaviernara/Desktop/ECE-371-master/ECE-371-master/Lab 3/task 3/right_fsru.vhd Line: 4
Info (12021): Found 2 design units, including 1 entities, in source file mux_2to1.vhd
    Info (12022): Found design unit 1: mux_2to1-mixed File: C:/Users/xaviernara/Desktop/ECE-371-master/ECE-371-master/Lab 3/task 4/mux_2to1.vhd Line: 11
    Info (12023): Found entity 1: mux_2to1 File: C:/Users/xaviernara/Desktop/ECE-371-master/ECE-371-master/Lab 3/task 4/mux_2to1.vhd Line: 4
Warning (12125): Using design file log_bsru.vhd, which is not specified as a design file for the current project, but contains definitions for 2 design units and 1 entities in project
    Info (12022): Found design unit 1: log_bsru-structure File: C:/Users/xaviernara/Desktop/ECE-371-master/ECE-371-master/Lab 3/task 4/log_bsru.vhd Line: 13
    Info (12023): Found entity 1: log_bsru File: C:/Users/xaviernara/Desktop/ECE-371-master/ECE-371-master/Lab 3/task 4/log_bsru.vhd Line: 4
Info (12127): Elaborating entity "log_bsru" for the top level hierarchy
Info (12129): Elaborating entity "bru" using architecture "A:behavior" for hierarchy "bru:first_reverse" File: C:/Users/xaviernara/Desktop/ECE-371-master/ECE-371-master/Lab 3/task 4/log_bsru.vhd Line: 21
Info (12129): Elaborating entity "right_fsru" using architecture "A:mixed" for hierarchy "right_fsru:\intermediate:0:shift_rot" File: C:/Users/xaviernara/Desktop/ECE-371-master/ECE-371-master/Lab 3/task 4/log_bsru.vhd Line: 28
Info (12129): Elaborating entity "mux_2to1" using architecture "A:mixed" for hierarchy "right_fsru:\intermediate:0:shift_rot|mux_2to1:toplevel_mux" File: C:/Users/xaviernara/Desktop/ECE-371-master/ECE-371-master/Lab 3/task 3/right_fsru.vhd Line: 26
Info (12129): Elaborating entity "right_fsru" using architecture "A:mixed" for hierarchy "right_fsru:\intermediate:1:shift_rot" File: C:/Users/xaviernara/Desktop/ECE-371-master/ECE-371-master/Lab 3/task 4/log_bsru.vhd Line: 28
Info (12129): Elaborating entity "mux_2to1" using architecture "A:mixed" for hierarchy "right_fsru:\intermediate:1:shift_rot|mux_2to1:toplevel_mux" File: C:/Users/xaviernara/Desktop/ECE-371-master/ECE-371-master/Lab 3/task 3/right_fsru.vhd Line: 26
Info (12129): Elaborating entity "right_fsru" using architecture "A:mixed" for hierarchy "right_fsru:\intermediate:2:shift_rot" File: C:/Users/xaviernara/Desktop/ECE-371-master/ECE-371-master/Lab 3/task 4/log_bsru.vhd Line: 28
Info (12129): Elaborating entity "mux_2to1" using architecture "A:mixed" for hierarchy "right_fsru:\intermediate:2:shift_rot|mux_2to1:toplevel_mux" File: C:/Users/xaviernara/Desktop/ECE-371-master/ECE-371-master/Lab 3/task 3/right_fsru.vhd Line: 26
Info (12129): Elaborating entity "right_fsru" using architecture "A:mixed" for hierarchy "right_fsru:\intermediate:3:shift_rot" File: C:/Users/xaviernara/Desktop/ECE-371-master/ECE-371-master/Lab 3/task 4/log_bsru.vhd Line: 28
Info (12129): Elaborating entity "mux_2to1" using architecture "A:mixed" for hierarchy "right_fsru:\intermediate:3:shift_rot|mux_2to1:toplevel_mux" File: C:/Users/xaviernara/Desktop/ECE-371-master/ECE-371-master/Lab 3/task 3/right_fsru.vhd Line: 26
Info (286030): Timing-Driven Synthesis is running
Info (16010): Generating hard_block partition "hard_block:auto_generated_inst"
    Info (16011): Adding 0 node(s), including 0 DDIO, 0 PLL, 0 transceiver and 0 LCELL
Info (21057): Implemented 103 device resources after synthesis - the final resource count might be different
    Info (21058): Implemented 23 input pins
    Info (21059): Implemented 16 output pins
    Info (21061): Implemented 64 logic cells
Info: Quartus Prime Analysis & Synthesis was successful. 0 errors, 2 warnings
    Info: Peak virtual memory: 706 megabytes
    Info: Processing ended: Tue Jan 30 23:41:53 2018
    Info: Elapsed time: 00:00:24
    Info: Total CPU time (on all processors): 00:00:51


>>>>>>> 69632eae6f22b9232cdd19c08328f81436b79a3d
