Analysis & Synthesis report for btc_32bit
Mon Feb 05 14:21:53 2018
Quartus Prime Version 17.0.0 Build 595 04/25/2017 SJ Standard Edition


---------------------
; Table of Contents ;
---------------------
  1. Legal Notice
  2. Analysis & Synthesis Summary
  3. Analysis & Synthesis Settings
  4. Parallel Compilation
  5. Analysis & Synthesis Source Files Read
  6. Analysis & Synthesis Resource Usage Summary
  7. Analysis & Synthesis Resource Utilization by Entity
  8. General Register Statistics
  9. Parameter Settings for User Entity Instance: Top-level Entity: |btc_32bit
 10. Parameter Settings for User Entity Instance: btc_8bit:btc_8bit_1
 11. Parameter Settings for User Entity Instance: btc_8bit:btc_8bit_1|cpc_2bit:cpc_2bit1
 12. Parameter Settings for User Entity Instance: btc_8bit:btc_8bit_1|cpc_2bit:cpc_2bit2
 13. Parameter Settings for User Entity Instance: btc_8bit:btc_8bit_1|cpc_2bit:cpc_2bit3
 14. Parameter Settings for User Entity Instance: btc_8bit:btc_8bit_1|cpc_2bit:cpc_2bit4
 15. Parameter Settings for User Entity Instance: btc_8bit:btc_8bit_1|cpc_2bit:cpc_2bit5
 16. Parameter Settings for User Entity Instance: btc_8bit:btc_8bit_1|cpc_2bit:cpc_2bit6
 17. Parameter Settings for User Entity Instance: btc_8bit:btc_8bit_1|cpc_2bit:cpc_2bit7
 18. Parameter Settings for User Entity Instance: btc_8bit:btc_8bit_2
 19. Parameter Settings for User Entity Instance: btc_8bit:btc_8bit_2|cpc_2bit:cpc_2bit1
 20. Parameter Settings for User Entity Instance: btc_8bit:btc_8bit_2|cpc_2bit:cpc_2bit2
 21. Parameter Settings for User Entity Instance: btc_8bit:btc_8bit_2|cpc_2bit:cpc_2bit3
 22. Parameter Settings for User Entity Instance: btc_8bit:btc_8bit_2|cpc_2bit:cpc_2bit4
 23. Parameter Settings for User Entity Instance: btc_8bit:btc_8bit_2|cpc_2bit:cpc_2bit5
 24. Parameter Settings for User Entity Instance: btc_8bit:btc_8bit_2|cpc_2bit:cpc_2bit6
 25. Parameter Settings for User Entity Instance: btc_8bit:btc_8bit_2|cpc_2bit:cpc_2bit7
 26. Parameter Settings for User Entity Instance: btc_8bit:btc_8bit_3
 27. Parameter Settings for User Entity Instance: btc_8bit:btc_8bit_3|cpc_2bit:cpc_2bit1
 28. Parameter Settings for User Entity Instance: btc_8bit:btc_8bit_3|cpc_2bit:cpc_2bit2
 29. Parameter Settings for User Entity Instance: btc_8bit:btc_8bit_3|cpc_2bit:cpc_2bit3
 30. Parameter Settings for User Entity Instance: btc_8bit:btc_8bit_3|cpc_2bit:cpc_2bit4
 31. Parameter Settings for User Entity Instance: btc_8bit:btc_8bit_3|cpc_2bit:cpc_2bit5
 32. Parameter Settings for User Entity Instance: btc_8bit:btc_8bit_3|cpc_2bit:cpc_2bit6
 33. Parameter Settings for User Entity Instance: btc_8bit:btc_8bit_3|cpc_2bit:cpc_2bit7
 34. Parameter Settings for User Entity Instance: btc_8bit:btc_8bit_4
 35. Parameter Settings for User Entity Instance: btc_8bit:btc_8bit_4|cpc_2bit:cpc_2bit1
 36. Parameter Settings for User Entity Instance: btc_8bit:btc_8bit_4|cpc_2bit:cpc_2bit2
 37. Parameter Settings for User Entity Instance: btc_8bit:btc_8bit_4|cpc_2bit:cpc_2bit3
 38. Parameter Settings for User Entity Instance: btc_8bit:btc_8bit_4|cpc_2bit:cpc_2bit4
 39. Parameter Settings for User Entity Instance: btc_8bit:btc_8bit_4|cpc_2bit:cpc_2bit5
 40. Parameter Settings for User Entity Instance: btc_8bit:btc_8bit_4|cpc_2bit:cpc_2bit6
 41. Parameter Settings for User Entity Instance: btc_8bit:btc_8bit_4|cpc_2bit:cpc_2bit7
 42. Parameter Settings for User Entity Instance: cpc_2bit:cpc_2bit1
 43. Parameter Settings for User Entity Instance: cpc_2bit:cpc_2bit2
 44. Parameter Settings for User Entity Instance: cpc_2bit:cpc_2bit3
 45. Port Connectivity Checks: "cpc_2bit:cpc_2bit2"
 46. Port Connectivity Checks: "cpc_2bit:cpc_2bit1"
 47. Port Connectivity Checks: "btc_8bit:btc_8bit_4"
 48. Port Connectivity Checks: "btc_8bit:btc_8bit_3"
 49. Port Connectivity Checks: "btc_8bit:btc_8bit_2"
 50. Port Connectivity Checks: "btc_8bit:btc_8bit_1|cpc_2bit:cpc_2bit6"
 51. Port Connectivity Checks: "btc_8bit:btc_8bit_1|cpc_2bit:cpc_2bit5"
 52. Port Connectivity Checks: "btc_8bit:btc_8bit_1|cpc_2bit:cpc_2bit4"
 53. Port Connectivity Checks: "btc_8bit:btc_8bit_1|cpc_2bit:cpc_2bit3"
 54. Port Connectivity Checks: "btc_8bit:btc_8bit_1|cpc_2bit:cpc_2bit2"
 55. Port Connectivity Checks: "btc_8bit:btc_8bit_1|cpc_2bit:cpc_2bit1"
 56. Port Connectivity Checks: "btc_8bit:btc_8bit_1"
 57. Post-Synthesis Netlist Statistics for Top Partition
 58. Elapsed Time Per Partition
 59. Analysis & Synthesis Messages



----------------
; Legal Notice ;
----------------
Copyright (C) 2017  Intel Corporation. All rights reserved.
Your use of Intel Corporation's design tools, logic functions 
and other software and tools, and its AMPP partner logic 
functions, and any output files from any of the foregoing 
(including device programming or simulation files), and any 
associated documentation or information are expressly subject 
to the terms and conditions of the Intel Program License 
Subscription Agreement, the Intel Quartus Prime License Agreement,
the Intel MegaCore Function License Agreement, or other 
applicable license agreement, including, without limitation, 
that your use is for the sole purpose of programming logic 
devices manufactured by Intel and sold by Intel or its 
authorized distributors.  Please refer to the applicable 
agreement for further details.



+--------------------------------------------------------------------------------------+
; Analysis & Synthesis Summary                                                         ;
+------------------------------------+-------------------------------------------------+
; Analysis & Synthesis Status        ; Successful - Mon Feb 05 14:21:52 2018           ;
; Quartus Prime Version              ; 17.0.0 Build 595 04/25/2017 SJ Standard Edition ;
; Revision Name                      ; btc_32bit                                       ;
; Top-level Entity Name              ; btc_32bit                                       ;
; Family                             ; Cyclone IV E                                    ;
; Total logic elements               ; 63                                              ;
;     Total combinational functions  ; 63                                              ;
;     Dedicated logic registers      ; 0                                               ;
; Total registers                    ; 0                                               ;
; Total pins                         ; 67                                              ;
; Total virtual pins                 ; 0                                               ;
; Total memory bits                  ; 0                                               ;
; Embedded Multiplier 9-bit elements ; 0                                               ;
; Total PLLs                         ; 0                                               ;
+------------------------------------+-------------------------------------------------+


+----------------------------------------------------------------------------------------------------------------------+
; Analysis & Synthesis Settings                                                                                        ;
+----------------------------------------------------------------------------+--------------------+--------------------+
; Option                                                                     ; Setting            ; Default Value      ;
+----------------------------------------------------------------------------+--------------------+--------------------+
; Top-level entity name                                                      ; btc_32bit          ; btc_32bit          ;
; Family name                                                                ; Cyclone IV E       ; Cyclone V          ;
; Use smart compilation                                                      ; Off                ; Off                ;
; Enable parallel Assembler and TimeQuest Timing Analyzer during compilation ; On                 ; On                 ;
; Enable compact report table                                                ; Off                ; Off                ;
; Restructure Multiplexers                                                   ; Auto               ; Auto               ;
; Create Debugging Nodes for IP Cores                                        ; Off                ; Off                ;
; Preserve fewer node names                                                  ; On                 ; On                 ;
; OpenCore Plus hardware evaluation                                          ; Enable             ; Enable             ;
; Verilog Version                                                            ; Verilog_2001       ; Verilog_2001       ;
; VHDL Version                                                               ; VHDL_1993          ; VHDL_1993          ;
; State Machine Processing                                                   ; Auto               ; Auto               ;
; Safe State Machine                                                         ; Off                ; Off                ;
; Extract Verilog State Machines                                             ; On                 ; On                 ;
; Extract VHDL State Machines                                                ; On                 ; On                 ;
; Ignore Verilog initial constructs                                          ; Off                ; Off                ;
; Iteration limit for constant Verilog loops                                 ; 5000               ; 5000               ;
; Iteration limit for non-constant Verilog loops                             ; 250                ; 250                ;
; Add Pass-Through Logic to Inferred RAMs                                    ; On                 ; On                 ;
; Infer RAMs from Raw Logic                                                  ; On                 ; On                 ;
; Parallel Synthesis                                                         ; On                 ; On                 ;
; DSP Block Balancing                                                        ; Auto               ; Auto               ;
; NOT Gate Push-Back                                                         ; On                 ; On                 ;
; Power-Up Don't Care                                                        ; On                 ; On                 ;
; Remove Redundant Logic Cells                                               ; Off                ; Off                ;
; Remove Duplicate Registers                                                 ; On                 ; On                 ;
; Ignore CARRY Buffers                                                       ; Off                ; Off                ;
; Ignore CASCADE Buffers                                                     ; Off                ; Off                ;
; Ignore GLOBAL Buffers                                                      ; Off                ; Off                ;
; Ignore ROW GLOBAL Buffers                                                  ; Off                ; Off                ;
; Ignore LCELL Buffers                                                       ; Off                ; Off                ;
; Ignore SOFT Buffers                                                        ; On                 ; On                 ;
; Limit AHDL Integers to 32 Bits                                             ; Off                ; Off                ;
; Optimization Technique                                                     ; Balanced           ; Balanced           ;
; Carry Chain Length                                                         ; 70                 ; 70                 ;
; Auto Carry Chains                                                          ; On                 ; On                 ;
; Auto Open-Drain Pins                                                       ; On                 ; On                 ;
; Perform WYSIWYG Primitive Resynthesis                                      ; Off                ; Off                ;
; Auto ROM Replacement                                                       ; On                 ; On                 ;
; Auto RAM Replacement                                                       ; On                 ; On                 ;
; Auto DSP Block Replacement                                                 ; On                 ; On                 ;
; Auto Shift Register Replacement                                            ; Auto               ; Auto               ;
; Allow Shift Register Merging across Hierarchies                            ; Auto               ; Auto               ;
; Auto Clock Enable Replacement                                              ; On                 ; On                 ;
; Strict RAM Replacement                                                     ; Off                ; Off                ;
; Allow Synchronous Control Signals                                          ; On                 ; On                 ;
; Force Use of Synchronous Clear Signals                                     ; Off                ; Off                ;
; Auto RAM Block Balancing                                                   ; On                 ; On                 ;
; Auto RAM to Logic Cell Conversion                                          ; Off                ; Off                ;
; Auto Resource Sharing                                                      ; Off                ; Off                ;
; Allow Any RAM Size For Recognition                                         ; Off                ; Off                ;
; Allow Any ROM Size For Recognition                                         ; Off                ; Off                ;
; Allow Any Shift Register Size For Recognition                              ; Off                ; Off                ;
; Use LogicLock Constraints during Resource Balancing                        ; On                 ; On                 ;
; Ignore translate_off and synthesis_off directives                          ; Off                ; Off                ;
; Timing-Driven Synthesis                                                    ; On                 ; On                 ;
; Report Parameter Settings                                                  ; On                 ; On                 ;
; Report Source Assignments                                                  ; On                 ; On                 ;
; Report Connectivity Checks                                                 ; On                 ; On                 ;
; Ignore Maximum Fan-Out Assignments                                         ; Off                ; Off                ;
; Synchronization Register Chain Length                                      ; 2                  ; 2                  ;
; PowerPlay Power Optimization During Synthesis                              ; Normal compilation ; Normal compilation ;
; HDL message level                                                          ; Level2             ; Level2             ;
; Suppress Register Optimization Related Messages                            ; Off                ; Off                ;
; Number of Removed Registers Reported in Synthesis Report                   ; 5000               ; 5000               ;
; Number of Swept Nodes Reported in Synthesis Report                         ; 5000               ; 5000               ;
; Number of Inverted Registers Reported in Synthesis Report                  ; 100                ; 100                ;
; Clock MUX Protection                                                       ; On                 ; On                 ;
; Auto Gated Clock Conversion                                                ; Off                ; Off                ;
; Block Design Naming                                                        ; Auto               ; Auto               ;
; SDC constraint protection                                                  ; Off                ; Off                ;
; Synthesis Effort                                                           ; Auto               ; Auto               ;
; Shift Register Replacement - Allow Asynchronous Clear Signal               ; On                 ; On                 ;
; Pre-Mapping Resynthesis Optimization                                       ; Off                ; Off                ;
; Analysis & Synthesis Message Level                                         ; Medium             ; Medium             ;
; Disable Register Merging Across Hierarchies                                ; Auto               ; Auto               ;
; Resource Aware Inference For Block RAM                                     ; On                 ; On                 ;
+----------------------------------------------------------------------------+--------------------+--------------------+


+------------------------------------------+
; Parallel Compilation                     ;
+----------------------------+-------------+
; Processors                 ; Number      ;
+----------------------------+-------------+
; Number detected on machine ; 8           ;
; Maximum allowed            ; 4           ;
;                            ;             ;
; Average used               ; 1.00        ;
; Maximum used               ; 1           ;
;                            ;             ;
; Usage by Processor         ; % Time Used ;
;     Processor 1            ; 100.0%      ;
+----------------------------+-------------+


+--------------------------------------------------------------------------------------------------------------------------------------+
; Analysis & Synthesis Source Files Read                                                                                               ;
+----------------------------------+-----------------+-----------------------+-----------------------------------------------+---------+
; File Name with User-Entered Path ; Used in Netlist ; File Type             ; File Name with Absolute Path                  ; Library ;
+----------------------------------+-----------------+-----------------------+-----------------------------------------------+---------+
; ../task 1/cpc_2bit.vhd           ; yes             ; User VHDL File        ; H:/ECE 371/ECE-371/lab 4/task 1/cpc_2bit.vhd  ;         ;
; ../task 2/btc_8bit.vhd           ; yes             ; User VHDL File        ; H:/ECE 371/ECE-371/lab 4/task 2/btc_8bit.vhd  ;         ;
; btc_32bit.vhd                    ; yes             ; Auto-Found VHDL File  ; H:/ECE 371/ECE-371/lab 4/task 3/btc_32bit.vhd ;         ;
+----------------------------------+-----------------+-----------------------+-----------------------------------------------+---------+


+---------------------------------------------------------------------------+
; Analysis & Synthesis Resource Usage Summary                               ;
+---------------------------------------------+-----------------------------+
; Resource                                    ; Usage                       ;
+---------------------------------------------+-----------------------------+
; Estimated Total logic elements              ; 63                          ;
;                                             ;                             ;
; Total combinational functions               ; 63                          ;
; Logic element usage by number of LUT inputs ;                             ;
;     -- 4 input functions                    ; 43                          ;
;     -- 3 input functions                    ; 20                          ;
;     -- <=2 input functions                  ; 0                           ;
;                                             ;                             ;
; Logic elements by mode                      ;                             ;
;     -- normal mode                          ; 63                          ;
;     -- arithmetic mode                      ; 0                           ;
;                                             ;                             ;
; Total registers                             ; 0                           ;
;     -- Dedicated logic registers            ; 0                           ;
;     -- I/O registers                        ; 0                           ;
;                                             ;                             ;
; I/O pins                                    ; 67                          ;
;                                             ;                             ;
; Embedded Multiplier 9-bit elements          ; 0                           ;
;                                             ;                             ;
; Maximum fan-out node                        ; cpc_2bit:cpc_2bit1|z_GSE[2] ;
; Maximum fan-out                             ; 3                           ;
; Total fan-out                               ; 302                         ;
; Average fan-out                             ; 1.53                        ;
+---------------------------------------------+-----------------------------+


+----------------------------------------------------------------------------------------------------------------------------------------------------------------------------------------------------------------------------------------+
; Analysis & Synthesis Resource Utilization by Entity                                                                                                                                                                                    ;
+----------------------------+---------------------+---------------------------+-------------+--------------+---------+-----------+------+--------------+---------------------------------------------------+-------------+--------------+
; Compilation Hierarchy Node ; Combinational ALUTs ; Dedicated Logic Registers ; Memory Bits ; DSP Elements ; DSP 9x9 ; DSP 18x18 ; Pins ; Virtual Pins ; Full Hierarchy Name                               ; Entity Name ; Library Name ;
+----------------------------+---------------------+---------------------------+-------------+--------------+---------+-----------+------+--------------+---------------------------------------------------+-------------+--------------+
; |btc_32bit                 ; 63 (0)              ; 0 (0)                     ; 0           ; 0            ; 0       ; 0         ; 67   ; 0            ; |btc_32bit                                        ; btc_32bit   ; work         ;
;    |btc_8bit:btc_8bit_1|   ; 14 (0)              ; 0 (0)                     ; 0           ; 0            ; 0       ; 0         ; 0    ; 0            ; |btc_32bit|btc_8bit:btc_8bit_1                    ; btc_8bit    ; work         ;
;       |cpc_2bit:cpc_2bit1| ; 2 (2)               ; 0 (0)                     ; 0           ; 0            ; 0       ; 0         ; 0    ; 0            ; |btc_32bit|btc_8bit:btc_8bit_1|cpc_2bit:cpc_2bit1 ; cpc_2bit    ; work         ;
;       |cpc_2bit:cpc_2bit3| ; 2 (2)               ; 0 (0)                     ; 0           ; 0            ; 0       ; 0         ; 0    ; 0            ; |btc_32bit|btc_8bit:btc_8bit_1|cpc_2bit:cpc_2bit3 ; cpc_2bit    ; work         ;
;       |cpc_2bit:cpc_2bit4| ; 2 (2)               ; 0 (0)                     ; 0           ; 0            ; 0       ; 0         ; 0    ; 0            ; |btc_32bit|btc_8bit:btc_8bit_1|cpc_2bit:cpc_2bit4 ; cpc_2bit    ; work         ;
;       |cpc_2bit:cpc_2bit5| ; 4 (4)               ; 0 (0)                     ; 0           ; 0            ; 0       ; 0         ; 0    ; 0            ; |btc_32bit|btc_8bit:btc_8bit_1|cpc_2bit:cpc_2bit5 ; cpc_2bit    ; work         ;
;       |cpc_2bit:cpc_2bit7| ; 4 (4)               ; 0 (0)                     ; 0           ; 0            ; 0       ; 0         ; 0    ; 0            ; |btc_32bit|btc_8bit:btc_8bit_1|cpc_2bit:cpc_2bit7 ; cpc_2bit    ; work         ;
;    |btc_8bit:btc_8bit_2|   ; 12 (0)              ; 0 (0)                     ; 0           ; 0            ; 0       ; 0         ; 0    ; 0            ; |btc_32bit|btc_8bit:btc_8bit_2                    ; btc_8bit    ; work         ;
;       |cpc_2bit:cpc_2bit1| ; 2 (2)               ; 0 (0)                     ; 0           ; 0            ; 0       ; 0         ; 0    ; 0            ; |btc_32bit|btc_8bit:btc_8bit_2|cpc_2bit:cpc_2bit1 ; cpc_2bit    ; work         ;
;       |cpc_2bit:cpc_2bit3| ; 2 (2)               ; 0 (0)                     ; 0           ; 0            ; 0       ; 0         ; 0    ; 0            ; |btc_32bit|btc_8bit:btc_8bit_2|cpc_2bit:cpc_2bit3 ; cpc_2bit    ; work         ;
;       |cpc_2bit:cpc_2bit5| ; 4 (4)               ; 0 (0)                     ; 0           ; 0            ; 0       ; 0         ; 0    ; 0            ; |btc_32bit|btc_8bit:btc_8bit_2|cpc_2bit:cpc_2bit5 ; cpc_2bit    ; work         ;
;       |cpc_2bit:cpc_2bit6| ; 4 (4)               ; 0 (0)                     ; 0           ; 0            ; 0       ; 0         ; 0    ; 0            ; |btc_32bit|btc_8bit:btc_8bit_2|cpc_2bit:cpc_2bit6 ; cpc_2bit    ; work         ;
;    |btc_8bit:btc_8bit_3|   ; 14 (0)              ; 0 (0)                     ; 0           ; 0            ; 0       ; 0         ; 0    ; 0            ; |btc_32bit|btc_8bit:btc_8bit_3                    ; btc_8bit    ; work         ;
;       |cpc_2bit:cpc_2bit1| ; 2 (2)               ; 0 (0)                     ; 0           ; 0            ; 0       ; 0         ; 0    ; 0            ; |btc_32bit|btc_8bit:btc_8bit_3|cpc_2bit:cpc_2bit1 ; cpc_2bit    ; work         ;
;       |cpc_2bit:cpc_2bit3| ; 2 (2)               ; 0 (0)                     ; 0           ; 0            ; 0       ; 0         ; 0    ; 0            ; |btc_32bit|btc_8bit:btc_8bit_3|cpc_2bit:cpc_2bit3 ; cpc_2bit    ; work         ;
;       |cpc_2bit:cpc_2bit4| ; 2 (2)               ; 0 (0)                     ; 0           ; 0            ; 0       ; 0         ; 0    ; 0            ; |btc_32bit|btc_8bit:btc_8bit_3|cpc_2bit:cpc_2bit4 ; cpc_2bit    ; work         ;
;       |cpc_2bit:cpc_2bit5| ; 4 (4)               ; 0 (0)                     ; 0           ; 0            ; 0       ; 0         ; 0    ; 0            ; |btc_32bit|btc_8bit:btc_8bit_3|cpc_2bit:cpc_2bit5 ; cpc_2bit    ; work         ;
;       |cpc_2bit:cpc_2bit7| ; 4 (4)               ; 0 (0)                     ; 0           ; 0            ; 0       ; 0         ; 0    ; 0            ; |btc_32bit|btc_8bit:btc_8bit_3|cpc_2bit:cpc_2bit7 ; cpc_2bit    ; work         ;
;    |btc_8bit:btc_8bit_4|   ; 12 (0)              ; 0 (0)                     ; 0           ; 0            ; 0       ; 0         ; 0    ; 0            ; |btc_32bit|btc_8bit:btc_8bit_4                    ; btc_8bit    ; work         ;
;       |cpc_2bit:cpc_2bit1| ; 2 (2)               ; 0 (0)                     ; 0           ; 0            ; 0       ; 0         ; 0    ; 0            ; |btc_32bit|btc_8bit:btc_8bit_4|cpc_2bit:cpc_2bit1 ; cpc_2bit    ; work         ;
;       |cpc_2bit:cpc_2bit3| ; 2 (2)               ; 0 (0)                     ; 0           ; 0            ; 0       ; 0         ; 0    ; 0            ; |btc_32bit|btc_8bit:btc_8bit_4|cpc_2bit:cpc_2bit3 ; cpc_2bit    ; work         ;
;       |cpc_2bit:cpc_2bit5| ; 4 (4)               ; 0 (0)                     ; 0           ; 0            ; 0       ; 0         ; 0    ; 0            ; |btc_32bit|btc_8bit:btc_8bit_4|cpc_2bit:cpc_2bit5 ; cpc_2bit    ; work         ;
;       |cpc_2bit:cpc_2bit6| ; 4 (4)               ; 0 (0)                     ; 0           ; 0            ; 0       ; 0         ; 0    ; 0            ; |btc_32bit|btc_8bit:btc_8bit_4|cpc_2bit:cpc_2bit6 ; cpc_2bit    ; work         ;
;    |cpc_2bit:cpc_2bit1|    ; 4 (4)               ; 0 (0)                     ; 0           ; 0            ; 0       ; 0         ; 0    ; 0            ; |btc_32bit|cpc_2bit:cpc_2bit1                     ; cpc_2bit    ; work         ;
;    |cpc_2bit:cpc_2bit2|    ; 4 (4)               ; 0 (0)                     ; 0           ; 0            ; 0       ; 0         ; 0    ; 0            ; |btc_32bit|cpc_2bit:cpc_2bit2                     ; cpc_2bit    ; work         ;
;    |cpc_2bit:cpc_2bit3|    ; 3 (3)               ; 0 (0)                     ; 0           ; 0            ; 0       ; 0         ; 0    ; 0            ; |btc_32bit|cpc_2bit:cpc_2bit3                     ; cpc_2bit    ; work         ;
+----------------------------+---------------------+---------------------------+-------------+--------------+---------+-----------+------+--------------+---------------------------------------------------+-------------+--------------+
Note: For table entries with two numbers listed, the numbers in parentheses indicate the number of resources of the given type used by the specific entity alone. The numbers listed outside of parentheses indicate the total resources of the given type used by the specific entity and all of its sub-entities in the hierarchy.


+------------------------------------------------------+
; General Register Statistics                          ;
+----------------------------------------------+-------+
; Statistic                                    ; Value ;
+----------------------------------------------+-------+
; Total registers                              ; 0     ;
; Number of registers using Synchronous Clear  ; 0     ;
; Number of registers using Synchronous Load   ; 0     ;
; Number of registers using Asynchronous Clear ; 0     ;
; Number of registers using Asynchronous Load  ; 0     ;
; Number of registers using Clock Enable       ; 0     ;
; Number of registers using Preset             ; 0     ;
+----------------------------------------------+-------+


+---------------------------------------------------------------------------+
; Parameter Settings for User Entity Instance: Top-level Entity: |btc_32bit ;
+----------------+-------+--------------------------------------------------+
; Parameter Name ; Value ; Type                                             ;
+----------------+-------+--------------------------------------------------+
; SIGNED_OPS     ; false ; Enumerated                                       ;
+----------------+-------+--------------------------------------------------+
Note: In order to hide this table in the UI and the text report file, please set the "Show Parameter Settings in Synthesis Report" option in "Analysis and Synthesis Settings -> More Settings" to "Off".


+------------------------------------------------------------------+
; Parameter Settings for User Entity Instance: btc_8bit:btc_8bit_1 ;
+----------------+-------+-----------------------------------------+
; Parameter Name ; Value ; Type                                    ;
+----------------+-------+-----------------------------------------+
; signed_ops     ; false ; Enumerated                              ;
+----------------+-------+-----------------------------------------+
Note: In order to hide this table in the UI and the text report file, please set the "Show Parameter Settings in Synthesis Report" option in "Analysis and Synthesis Settings -> More Settings" to "Off".


+-------------------------------------------------------------------------------------+
; Parameter Settings for User Entity Instance: btc_8bit:btc_8bit_1|cpc_2bit:cpc_2bit1 ;
+----------------+-------+------------------------------------------------------------+
; Parameter Name ; Value ; Type                                                       ;
+----------------+-------+------------------------------------------------------------+
; signed_ops     ; false ; Enumerated                                                 ;
+----------------+-------+------------------------------------------------------------+
Note: In order to hide this table in the UI and the text report file, please set the "Show Parameter Settings in Synthesis Report" option in "Analysis and Synthesis Settings -> More Settings" to "Off".


+-------------------------------------------------------------------------------------+
; Parameter Settings for User Entity Instance: btc_8bit:btc_8bit_1|cpc_2bit:cpc_2bit2 ;
+----------------+-------+------------------------------------------------------------+
; Parameter Name ; Value ; Type                                                       ;
+----------------+-------+------------------------------------------------------------+
; signed_ops     ; false ; Enumerated                                                 ;
+----------------+-------+------------------------------------------------------------+
Note: In order to hide this table in the UI and the text report file, please set the "Show Parameter Settings in Synthesis Report" option in "Analysis and Synthesis Settings -> More Settings" to "Off".


+-------------------------------------------------------------------------------------+
; Parameter Settings for User Entity Instance: btc_8bit:btc_8bit_1|cpc_2bit:cpc_2bit3 ;
+----------------+-------+------------------------------------------------------------+
; Parameter Name ; Value ; Type                                                       ;
+----------------+-------+------------------------------------------------------------+
; signed_ops     ; false ; Enumerated                                                 ;
+----------------+-------+------------------------------------------------------------+
Note: In order to hide this table in the UI and the text report file, please set the "Show Parameter Settings in Synthesis Report" option in "Analysis and Synthesis Settings -> More Settings" to "Off".


+-------------------------------------------------------------------------------------+
; Parameter Settings for User Entity Instance: btc_8bit:btc_8bit_1|cpc_2bit:cpc_2bit4 ;
+----------------+-------+------------------------------------------------------------+
; Parameter Name ; Value ; Type                                                       ;
+----------------+-------+------------------------------------------------------------+
; signed_ops     ; false ; Enumerated                                                 ;
+----------------+-------+------------------------------------------------------------+
Note: In order to hide this table in the UI and the text report file, please set the "Show Parameter Settings in Synthesis Report" option in "Analysis and Synthesis Settings -> More Settings" to "Off".


+-------------------------------------------------------------------------------------+
; Parameter Settings for User Entity Instance: btc_8bit:btc_8bit_1|cpc_2bit:cpc_2bit5 ;
+----------------+-------+------------------------------------------------------------+
; Parameter Name ; Value ; Type                                                       ;
+----------------+-------+------------------------------------------------------------+
; signed_ops     ; false ; Enumerated                                                 ;
+----------------+-------+------------------------------------------------------------+
Note: In order to hide this table in the UI and the text report file, please set the "Show Parameter Settings in Synthesis Report" option in "Analysis and Synthesis Settings -> More Settings" to "Off".


+-------------------------------------------------------------------------------------+
; Parameter Settings for User Entity Instance: btc_8bit:btc_8bit_1|cpc_2bit:cpc_2bit6 ;
+----------------+-------+------------------------------------------------------------+
; Parameter Name ; Value ; Type                                                       ;
+----------------+-------+------------------------------------------------------------+
; signed_ops     ; false ; Enumerated                                                 ;
+----------------+-------+------------------------------------------------------------+
Note: In order to hide this table in the UI and the text report file, please set the "Show Parameter Settings in Synthesis Report" option in "Analysis and Synthesis Settings -> More Settings" to "Off".


+-------------------------------------------------------------------------------------+
; Parameter Settings for User Entity Instance: btc_8bit:btc_8bit_1|cpc_2bit:cpc_2bit7 ;
+----------------+-------+------------------------------------------------------------+
; Parameter Name ; Value ; Type                                                       ;
+----------------+-------+------------------------------------------------------------+
; signed_ops     ; false ; Enumerated                                                 ;
+----------------+-------+------------------------------------------------------------+
Note: In order to hide this table in the UI and the text report file, please set the "Show Parameter Settings in Synthesis Report" option in "Analysis and Synthesis Settings -> More Settings" to "Off".


+------------------------------------------------------------------+
; Parameter Settings for User Entity Instance: btc_8bit:btc_8bit_2 ;
+----------------+-------+-----------------------------------------+
; Parameter Name ; Value ; Type                                    ;
+----------------+-------+-----------------------------------------+
; signed_ops     ; false ; Enumerated                              ;
+----------------+-------+-----------------------------------------+
Note: In order to hide this table in the UI and the text report file, please set the "Show Parameter Settings in Synthesis Report" option in "Analysis and Synthesis Settings -> More Settings" to "Off".


+-------------------------------------------------------------------------------------+
; Parameter Settings for User Entity Instance: btc_8bit:btc_8bit_2|cpc_2bit:cpc_2bit1 ;
+----------------+-------+------------------------------------------------------------+
; Parameter Name ; Value ; Type                                                       ;
+----------------+-------+------------------------------------------------------------+
; signed_ops     ; false ; Enumerated                                                 ;
+----------------+-------+------------------------------------------------------------+
Note: In order to hide this table in the UI and the text report file, please set the "Show Parameter Settings in Synthesis Report" option in "Analysis and Synthesis Settings -> More Settings" to "Off".


+-------------------------------------------------------------------------------------+
; Parameter Settings for User Entity Instance: btc_8bit:btc_8bit_2|cpc_2bit:cpc_2bit2 ;
+----------------+-------+------------------------------------------------------------+
; Parameter Name ; Value ; Type                                                       ;
+----------------+-------+------------------------------------------------------------+
; signed_ops     ; false ; Enumerated                                                 ;
+----------------+-------+------------------------------------------------------------+
Note: In order to hide this table in the UI and the text report file, please set the "Show Parameter Settings in Synthesis Report" option in "Analysis and Synthesis Settings -> More Settings" to "Off".


+-------------------------------------------------------------------------------------+
; Parameter Settings for User Entity Instance: btc_8bit:btc_8bit_2|cpc_2bit:cpc_2bit3 ;
+----------------+-------+------------------------------------------------------------+
; Parameter Name ; Value ; Type                                                       ;
+----------------+-------+------------------------------------------------------------+
; signed_ops     ; false ; Enumerated                                                 ;
+----------------+-------+------------------------------------------------------------+
Note: In order to hide this table in the UI and the text report file, please set the "Show Parameter Settings in Synthesis Report" option in "Analysis and Synthesis Settings -> More Settings" to "Off".


+-------------------------------------------------------------------------------------+
; Parameter Settings for User Entity Instance: btc_8bit:btc_8bit_2|cpc_2bit:cpc_2bit4 ;
+----------------+-------+------------------------------------------------------------+
; Parameter Name ; Value ; Type                                                       ;
+----------------+-------+------------------------------------------------------------+
; signed_ops     ; false ; Enumerated                                                 ;
+----------------+-------+------------------------------------------------------------+
Note: In order to hide this table in the UI and the text report file, please set the "Show Parameter Settings in Synthesis Report" option in "Analysis and Synthesis Settings -> More Settings" to "Off".


+-------------------------------------------------------------------------------------+
; Parameter Settings for User Entity Instance: btc_8bit:btc_8bit_2|cpc_2bit:cpc_2bit5 ;
+----------------+-------+------------------------------------------------------------+
; Parameter Name ; Value ; Type                                                       ;
+----------------+-------+------------------------------------------------------------+
; signed_ops     ; false ; Enumerated                                                 ;
+----------------+-------+------------------------------------------------------------+
Note: In order to hide this table in the UI and the text report file, please set the "Show Parameter Settings in Synthesis Report" option in "Analysis and Synthesis Settings -> More Settings" to "Off".


+-------------------------------------------------------------------------------------+
; Parameter Settings for User Entity Instance: btc_8bit:btc_8bit_2|cpc_2bit:cpc_2bit6 ;
+----------------+-------+------------------------------------------------------------+
; Parameter Name ; Value ; Type                                                       ;
+----------------+-------+------------------------------------------------------------+
; signed_ops     ; false ; Enumerated                                                 ;
+----------------+-------+------------------------------------------------------------+
Note: In order to hide this table in the UI and the text report file, please set the "Show Parameter Settings in Synthesis Report" option in "Analysis and Synthesis Settings -> More Settings" to "Off".


+-------------------------------------------------------------------------------------+
; Parameter Settings for User Entity Instance: btc_8bit:btc_8bit_2|cpc_2bit:cpc_2bit7 ;
+----------------+-------+------------------------------------------------------------+
; Parameter Name ; Value ; Type                                                       ;
+----------------+-------+------------------------------------------------------------+
; signed_ops     ; false ; Enumerated                                                 ;
+----------------+-------+------------------------------------------------------------+
Note: In order to hide this table in the UI and the text report file, please set the "Show Parameter Settings in Synthesis Report" option in "Analysis and Synthesis Settings -> More Settings" to "Off".


+------------------------------------------------------------------+
; Parameter Settings for User Entity Instance: btc_8bit:btc_8bit_3 ;
+----------------+-------+-----------------------------------------+
; Parameter Name ; Value ; Type                                    ;
+----------------+-------+-----------------------------------------+
; signed_ops     ; false ; Enumerated                              ;
+----------------+-------+-----------------------------------------+
Note: In order to hide this table in the UI and the text report file, please set the "Show Parameter Settings in Synthesis Report" option in "Analysis and Synthesis Settings -> More Settings" to "Off".


+-------------------------------------------------------------------------------------+
; Parameter Settings for User Entity Instance: btc_8bit:btc_8bit_3|cpc_2bit:cpc_2bit1 ;
+----------------+-------+------------------------------------------------------------+
; Parameter Name ; Value ; Type                                                       ;
+----------------+-------+------------------------------------------------------------+
; signed_ops     ; false ; Enumerated                                                 ;
+----------------+-------+------------------------------------------------------------+
Note: In order to hide this table in the UI and the text report file, please set the "Show Parameter Settings in Synthesis Report" option in "Analysis and Synthesis Settings -> More Settings" to "Off".


+-------------------------------------------------------------------------------------+
; Parameter Settings for User Entity Instance: btc_8bit:btc_8bit_3|cpc_2bit:cpc_2bit2 ;
+----------------+-------+------------------------------------------------------------+
; Parameter Name ; Value ; Type                                                       ;
+----------------+-------+------------------------------------------------------------+
; signed_ops     ; false ; Enumerated                                                 ;
+----------------+-------+------------------------------------------------------------+
Note: In order to hide this table in the UI and the text report file, please set the "Show Parameter Settings in Synthesis Report" option in "Analysis and Synthesis Settings -> More Settings" to "Off".


+-------------------------------------------------------------------------------------+
; Parameter Settings for User Entity Instance: btc_8bit:btc_8bit_3|cpc_2bit:cpc_2bit3 ;
+----------------+-------+------------------------------------------------------------+
; Parameter Name ; Value ; Type                                                       ;
+----------------+-------+------------------------------------------------------------+
; signed_ops     ; false ; Enumerated                                                 ;
+----------------+-------+------------------------------------------------------------+
Note: In order to hide this table in the UI and the text report file, please set the "Show Parameter Settings in Synthesis Report" option in "Analysis and Synthesis Settings -> More Settings" to "Off".


+-------------------------------------------------------------------------------------+
; Parameter Settings for User Entity Instance: btc_8bit:btc_8bit_3|cpc_2bit:cpc_2bit4 ;
+----------------+-------+------------------------------------------------------------+
; Parameter Name ; Value ; Type                                                       ;
+----------------+-------+------------------------------------------------------------+
; signed_ops     ; false ; Enumerated                                                 ;
+----------------+-------+------------------------------------------------------------+
Note: In order to hide this table in the UI and the text report file, please set the "Show Parameter Settings in Synthesis Report" option in "Analysis and Synthesis Settings -> More Settings" to "Off".


+-------------------------------------------------------------------------------------+
; Parameter Settings for User Entity Instance: btc_8bit:btc_8bit_3|cpc_2bit:cpc_2bit5 ;
+----------------+-------+------------------------------------------------------------+
; Parameter Name ; Value ; Type                                                       ;
+----------------+-------+------------------------------------------------------------+
; signed_ops     ; false ; Enumerated                                                 ;
+----------------+-------+------------------------------------------------------------+
Note: In order to hide this table in the UI and the text report file, please set the "Show Parameter Settings in Synthesis Report" option in "Analysis and Synthesis Settings -> More Settings" to "Off".


+-------------------------------------------------------------------------------------+
; Parameter Settings for User Entity Instance: btc_8bit:btc_8bit_3|cpc_2bit:cpc_2bit6 ;
+----------------+-------+------------------------------------------------------------+
; Parameter Name ; Value ; Type                                                       ;
+----------------+-------+------------------------------------------------------------+
; signed_ops     ; false ; Enumerated                                                 ;
+----------------+-------+------------------------------------------------------------+
Note: In order to hide this table in the UI and the text report file, please set the "Show Parameter Settings in Synthesis Report" option in "Analysis and Synthesis Settings -> More Settings" to "Off".


+-------------------------------------------------------------------------------------+
; Parameter Settings for User Entity Instance: btc_8bit:btc_8bit_3|cpc_2bit:cpc_2bit7 ;
+----------------+-------+------------------------------------------------------------+
; Parameter Name ; Value ; Type                                                       ;
+----------------+-------+------------------------------------------------------------+
; signed_ops     ; false ; Enumerated                                                 ;
+----------------+-------+------------------------------------------------------------+
Note: In order to hide this table in the UI and the text report file, please set the "Show Parameter Settings in Synthesis Report" option in "Analysis and Synthesis Settings -> More Settings" to "Off".


+------------------------------------------------------------------+
; Parameter Settings for User Entity Instance: btc_8bit:btc_8bit_4 ;
+----------------+-------+-----------------------------------------+
; Parameter Name ; Value ; Type                                    ;
+----------------+-------+-----------------------------------------+
; signed_ops     ; false ; Enumerated                              ;
+----------------+-------+-----------------------------------------+
Note: In order to hide this table in the UI and the text report file, please set the "Show Parameter Settings in Synthesis Report" option in "Analysis and Synthesis Settings -> More Settings" to "Off".


+-------------------------------------------------------------------------------------+
; Parameter Settings for User Entity Instance: btc_8bit:btc_8bit_4|cpc_2bit:cpc_2bit1 ;
+----------------+-------+------------------------------------------------------------+
; Parameter Name ; Value ; Type                                                       ;
+----------------+-------+------------------------------------------------------------+
; signed_ops     ; false ; Enumerated                                                 ;
+----------------+-------+------------------------------------------------------------+
Note: In order to hide this table in the UI and the text report file, please set the "Show Parameter Settings in Synthesis Report" option in "Analysis and Synthesis Settings -> More Settings" to "Off".


+-------------------------------------------------------------------------------------+
; Parameter Settings for User Entity Instance: btc_8bit:btc_8bit_4|cpc_2bit:cpc_2bit2 ;
+----------------+-------+------------------------------------------------------------+
; Parameter Name ; Value ; Type                                                       ;
+----------------+-------+------------------------------------------------------------+
; signed_ops     ; false ; Enumerated                                                 ;
+----------------+-------+------------------------------------------------------------+
Note: In order to hide this table in the UI and the text report file, please set the "Show Parameter Settings in Synthesis Report" option in "Analysis and Synthesis Settings -> More Settings" to "Off".


+-------------------------------------------------------------------------------------+
; Parameter Settings for User Entity Instance: btc_8bit:btc_8bit_4|cpc_2bit:cpc_2bit3 ;
+----------------+-------+------------------------------------------------------------+
; Parameter Name ; Value ; Type                                                       ;
+----------------+-------+------------------------------------------------------------+
; signed_ops     ; false ; Enumerated                                                 ;
+----------------+-------+------------------------------------------------------------+
Note: In order to hide this table in the UI and the text report file, please set the "Show Parameter Settings in Synthesis Report" option in "Analysis and Synthesis Settings -> More Settings" to "Off".


+-------------------------------------------------------------------------------------+
; Parameter Settings for User Entity Instance: btc_8bit:btc_8bit_4|cpc_2bit:cpc_2bit4 ;
+----------------+-------+------------------------------------------------------------+
; Parameter Name ; Value ; Type                                                       ;
+----------------+-------+------------------------------------------------------------+
; signed_ops     ; false ; Enumerated                                                 ;
+----------------+-------+------------------------------------------------------------+
Note: In order to hide this table in the UI and the text report file, please set the "Show Parameter Settings in Synthesis Report" option in "Analysis and Synthesis Settings -> More Settings" to "Off".


+-------------------------------------------------------------------------------------+
; Parameter Settings for User Entity Instance: btc_8bit:btc_8bit_4|cpc_2bit:cpc_2bit5 ;
+----------------+-------+------------------------------------------------------------+
; Parameter Name ; Value ; Type                                                       ;
+----------------+-------+------------------------------------------------------------+
; signed_ops     ; false ; Enumerated                                                 ;
+----------------+-------+------------------------------------------------------------+
Note: In order to hide this table in the UI and the text report file, please set the "Show Parameter Settings in Synthesis Report" option in "Analysis and Synthesis Settings -> More Settings" to "Off".


+-------------------------------------------------------------------------------------+
; Parameter Settings for User Entity Instance: btc_8bit:btc_8bit_4|cpc_2bit:cpc_2bit6 ;
+----------------+-------+------------------------------------------------------------+
; Parameter Name ; Value ; Type                                                       ;
+----------------+-------+------------------------------------------------------------+
; signed_ops     ; false ; Enumerated                                                 ;
+----------------+-------+------------------------------------------------------------+
Note: In order to hide this table in the UI and the text report file, please set the "Show Parameter Settings in Synthesis Report" option in "Analysis and Synthesis Settings -> More Settings" to "Off".


+-------------------------------------------------------------------------------------+
; Parameter Settings for User Entity Instance: btc_8bit:btc_8bit_4|cpc_2bit:cpc_2bit7 ;
+----------------+-------+------------------------------------------------------------+
; Parameter Name ; Value ; Type                                                       ;
+----------------+-------+------------------------------------------------------------+
; signed_ops     ; false ; Enumerated                                                 ;
+----------------+-------+------------------------------------------------------------+
Note: In order to hide this table in the UI and the text report file, please set the "Show Parameter Settings in Synthesis Report" option in "Analysis and Synthesis Settings -> More Settings" to "Off".


+-----------------------------------------------------------------+
; Parameter Settings for User Entity Instance: cpc_2bit:cpc_2bit1 ;
+----------------+-------+----------------------------------------+
; Parameter Name ; Value ; Type                                   ;
+----------------+-------+----------------------------------------+
; signed_ops     ; false ; Enumerated                             ;
+----------------+-------+----------------------------------------+
Note: In order to hide this table in the UI and the text report file, please set the "Show Parameter Settings in Synthesis Report" option in "Analysis and Synthesis Settings -> More Settings" to "Off".


+-----------------------------------------------------------------+
; Parameter Settings for User Entity Instance: cpc_2bit:cpc_2bit2 ;
+----------------+-------+----------------------------------------+
; Parameter Name ; Value ; Type                                   ;
+----------------+-------+----------------------------------------+
; signed_ops     ; false ; Enumerated                             ;
+----------------+-------+----------------------------------------+
Note: In order to hide this table in the UI and the text report file, please set the "Show Parameter Settings in Synthesis Report" option in "Analysis and Synthesis Settings -> More Settings" to "Off".


+-----------------------------------------------------------------+
; Parameter Settings for User Entity Instance: cpc_2bit:cpc_2bit3 ;
+----------------+-------+----------------------------------------+
; Parameter Name ; Value ; Type                                   ;
+----------------+-------+----------------------------------------+
; signed_ops     ; false ; Enumerated                             ;
+----------------+-------+----------------------------------------+
Note: In order to hide this table in the UI and the text report file, please set the "Show Parameter Settings in Synthesis Report" option in "Analysis and Synthesis Settings -> More Settings" to "Off".


+--------------------------------------------------------------------------------------------------------------------+
; Port Connectivity Checks: "cpc_2bit:cpc_2bit2"                                                                     ;
+----------+--------+----------+-------------------------------------------------------------------------------------+
; Port     ; Type   ; Severity ; Details                                                                             ;
+----------+--------+----------+-------------------------------------------------------------------------------------+
; z_gse[0] ; Output ; Info     ; Connected to dangling logic. Logic that only feeds a dangling port will be removed. ;
+----------+--------+----------+-------------------------------------------------------------------------------------+


+--------------------------------------------------------------------------------------------------------------------+
; Port Connectivity Checks: "cpc_2bit:cpc_2bit1"                                                                     ;
+----------+--------+----------+-------------------------------------------------------------------------------------+
; Port     ; Type   ; Severity ; Details                                                                             ;
+----------+--------+----------+-------------------------------------------------------------------------------------+
; z_gse[0] ; Output ; Info     ; Connected to dangling logic. Logic that only feeds a dangling port will be removed. ;
+----------+--------+----------+-------------------------------------------------------------------------------------+


+--------------------------------------------------------------------------------------------------------------------+
; Port Connectivity Checks: "btc_8bit:btc_8bit_4"                                                                    ;
+----------+--------+----------+-------------------------------------------------------------------------------------+
; Port     ; Type   ; Severity ; Details                                                                             ;
+----------+--------+----------+-------------------------------------------------------------------------------------+
; z_gse[0] ; Output ; Info     ; Connected to dangling logic. Logic that only feeds a dangling port will be removed. ;
+----------+--------+----------+-------------------------------------------------------------------------------------+


+--------------------------------------------------------------------------------------------------------------------+
; Port Connectivity Checks: "btc_8bit:btc_8bit_3"                                                                    ;
+----------+--------+----------+-------------------------------------------------------------------------------------+
; Port     ; Type   ; Severity ; Details                                                                             ;
+----------+--------+----------+-------------------------------------------------------------------------------------+
; z_gse[0] ; Output ; Info     ; Connected to dangling logic. Logic that only feeds a dangling port will be removed. ;
+----------+--------+----------+-------------------------------------------------------------------------------------+


+--------------------------------------------------------------------------------------------------------------------+
; Port Connectivity Checks: "btc_8bit:btc_8bit_2"                                                                    ;
+----------+--------+----------+-------------------------------------------------------------------------------------+
; Port     ; Type   ; Severity ; Details                                                                             ;
+----------+--------+----------+-------------------------------------------------------------------------------------+
; z_gse[0] ; Output ; Info     ; Connected to dangling logic. Logic that only feeds a dangling port will be removed. ;
+----------+--------+----------+-------------------------------------------------------------------------------------+


+--------------------------------------------------------------------------------------------------------------------+
; Port Connectivity Checks: "btc_8bit:btc_8bit_1|cpc_2bit:cpc_2bit6"                                                 ;
+----------+--------+----------+-------------------------------------------------------------------------------------+
; Port     ; Type   ; Severity ; Details                                                                             ;
+----------+--------+----------+-------------------------------------------------------------------------------------+
; z_gse[0] ; Output ; Info     ; Connected to dangling logic. Logic that only feeds a dangling port will be removed. ;
+----------+--------+----------+-------------------------------------------------------------------------------------+


+--------------------------------------------------------------------------------------------------------------------+
; Port Connectivity Checks: "btc_8bit:btc_8bit_1|cpc_2bit:cpc_2bit5"                                                 ;
+----------+--------+----------+-------------------------------------------------------------------------------------+
; Port     ; Type   ; Severity ; Details                                                                             ;
+----------+--------+----------+-------------------------------------------------------------------------------------+
; z_gse[0] ; Output ; Info     ; Connected to dangling logic. Logic that only feeds a dangling port will be removed. ;
+----------+--------+----------+-------------------------------------------------------------------------------------+


+--------------------------------------------------------------------------------------------------------------------+
; Port Connectivity Checks: "btc_8bit:btc_8bit_1|cpc_2bit:cpc_2bit4"                                                 ;
+----------+--------+----------+-------------------------------------------------------------------------------------+
; Port     ; Type   ; Severity ; Details                                                                             ;
+----------+--------+----------+-------------------------------------------------------------------------------------+
; z_gse[0] ; Output ; Info     ; Connected to dangling logic. Logic that only feeds a dangling port will be removed. ;
+----------+--------+----------+-------------------------------------------------------------------------------------+


+--------------------------------------------------------------------------------------------------------------------+
; Port Connectivity Checks: "btc_8bit:btc_8bit_1|cpc_2bit:cpc_2bit3"                                                 ;
+----------+--------+----------+-------------------------------------------------------------------------------------+
; Port     ; Type   ; Severity ; Details                                                                             ;
+----------+--------+----------+-------------------------------------------------------------------------------------+
; z_gse[0] ; Output ; Info     ; Connected to dangling logic. Logic that only feeds a dangling port will be removed. ;
+----------+--------+----------+-------------------------------------------------------------------------------------+


+--------------------------------------------------------------------------------------------------------------------+
; Port Connectivity Checks: "btc_8bit:btc_8bit_1|cpc_2bit:cpc_2bit2"                                                 ;
+----------+--------+----------+-------------------------------------------------------------------------------------+
; Port     ; Type   ; Severity ; Details                                                                             ;
+----------+--------+----------+-------------------------------------------------------------------------------------+
; z_gse[0] ; Output ; Info     ; Connected to dangling logic. Logic that only feeds a dangling port will be removed. ;
+----------+--------+----------+-------------------------------------------------------------------------------------+


+--------------------------------------------------------------------------------------------------------------------+
; Port Connectivity Checks: "btc_8bit:btc_8bit_1|cpc_2bit:cpc_2bit1"                                                 ;
+----------+--------+----------+-------------------------------------------------------------------------------------+
; Port     ; Type   ; Severity ; Details                                                                             ;
+----------+--------+----------+-------------------------------------------------------------------------------------+
; z_gse[0] ; Output ; Info     ; Connected to dangling logic. Logic that only feeds a dangling port will be removed. ;
+----------+--------+----------+-------------------------------------------------------------------------------------+


+--------------------------------------------------------------------------------------------------------------------+
; Port Connectivity Checks: "btc_8bit:btc_8bit_1"                                                                    ;
+----------+--------+----------+-------------------------------------------------------------------------------------+
; Port     ; Type   ; Severity ; Details                                                                             ;
+----------+--------+----------+-------------------------------------------------------------------------------------+
; z_gse[0] ; Output ; Info     ; Connected to dangling logic. Logic that only feeds a dangling port will be removed. ;
+----------+--------+----------+-------------------------------------------------------------------------------------+


+-----------------------------------------------------+
; Post-Synthesis Netlist Statistics for Top Partition ;
+-----------------------+-----------------------------+
; Type                  ; Count                       ;
+-----------------------+-----------------------------+
; boundary_port         ; 67                          ;
; cycloneiii_lcell_comb ; 64                          ;
;     normal            ; 64                          ;
;         1 data inputs ; 1                           ;
;         3 data inputs ; 20                          ;
;         4 data inputs ; 43                          ;
;                       ;                             ;
; Max LUT depth         ; 6.00                        ;
; Average LUT depth     ; 5.98                        ;
+-----------------------+-----------------------------+


+-------------------------------+
; Elapsed Time Per Partition    ;
+----------------+--------------+
; Partition Name ; Elapsed Time ;
+----------------+--------------+
; Top            ; 00:00:00     ;
+----------------+--------------+


+-------------------------------+
; Analysis & Synthesis Messages ;
+-------------------------------+
Info: *******************************************************************
Info: Running Quartus Prime Analysis & Synthesis
    Info: Version 17.0.0 Build 595 04/25/2017 SJ Standard Edition
    Info: Processing started: Mon Feb 05 14:21:37 2018
Info: Command: quartus_map --read_settings_files=on --write_settings_files=off lab4_task3 -c btc_32bit
Warning (18236): Number of processors has not been specified which may cause overloading on shared machines.  Set the global assignment NUM_PARALLEL_PROCESSORS in your QSF to an appropriate value for best performance.
Info (20030): Parallel compilation is enabled and will use 4 of the 4 processors detected
Info (12021): Found 2 design units, including 1 entities, in source file /ece 371/ece-371/lab 4/task 1/cpc_2bit.vhd
    Info (12022): Found design unit 1: cpc_2bit-dataflow File: H:/ECE 371/ECE-371/lab 4/task 1/cpc_2bit.vhd Line: 20
    Info (12023): Found entity 1: cpc_2bit File: H:/ECE 371/ECE-371/lab 4/task 1/cpc_2bit.vhd Line: 5
Info (12021): Found 2 design units, including 1 entities, in source file /ece 371/ece-371/lab 4/task 2/btc_8bit.vhd
    Info (12022): Found design unit 1: btc_8bit-structure File: H:/ECE 371/ECE-371/lab 4/task 2/btc_8bit.vhd Line: 25
    Info (12023): Found entity 1: btc_8bit File: H:/ECE 371/ECE-371/lab 4/task 2/btc_8bit.vhd Line: 4
Warning (12125): Using design file btc_32bit.vhd, which is not specified as a design file for the current project, but contains definitions for 2 design units and 1 entities in project
    Info (12022): Found design unit 1: btc_32bit-structure File: H:/ECE 371/ECE-371/lab 4/task 3/btc_32bit.vhd Line: 22
    Info (12023): Found entity 1: btc_32bit File: H:/ECE 371/ECE-371/lab 4/task 3/btc_32bit.vhd Line: 5
Info (12127): Elaborating entity "btc_32bit" for the top level hierarchy
Info (12129): Elaborating entity "btc_8bit" using architecture "A:structure" for hierarchy "btc_8bit:btc_8bit_1" File: H:/ECE 371/ECE-371/lab 4/task 3/btc_32bit.vhd Line: 29
Info (12129): Elaborating entity "cpc_2bit" using architecture "A:dataflow" for hierarchy "btc_8bit:btc_8bit_1|cpc_2bit:cpc_2bit1" File: H:/ECE 371/ECE-371/lab 4/task 2/btc_8bit.vhd Line: 32
Info (286030): Timing-Driven Synthesis is running
Info (16010): Generating hard_block partition "hard_block:auto_generated_inst"
    Info (16011): Adding 0 node(s), including 0 DDIO, 0 PLL, 0 transceiver and 0 LCELL
Info (21057): Implemented 130 device resources after synthesis - the final resource count might be different
    Info (21058): Implemented 64 input pins
    Info (21059): Implemented 3 output pins
    Info (21061): Implemented 63 logic cells
Info: Quartus Prime Analysis & Synthesis was successful. 0 errors, 2 warnings
    Info: Peak virtual memory: 652 megabytes
    Info: Processing ended: Mon Feb 05 14:21:53 2018
    Info: Elapsed time: 00:00:16
    Info: Total CPU time (on all processors): 00:00:26


